[Thu Jan 22 2015 15:51:07 GMT+0200 (IST)] INFO 

[CAT] Initial LOG -----------------------------------------------------------------------
[Thu Jan 22 2015 15:51:07 GMT+0200 (IST)] INFO [CAT] Initial CAT process: 24363
[Thu Jan 22 2015 15:51:07 GMT+0200 (IST)] DEBUG [CAT] Initial, current location: /home/arik/dev/projects/lastboy/catjstests/app/jquery/cat-project
[Thu Jan 22 2015 15:51:07 GMT+0200 (IST)] DEBUG [CAT] Initial, command line arguments: {"task":["t@libs.rebuild"],"argv":{"remain":[],"cooked":["--task","t@libs.rebuild"],"original":["--task","t@libs.rebuild"]},"home":{"path":"/home/arik/dev/projects/lastboy/catjs","working":{"path":"/home/arik/dev/projects/lastboy/catjstests/app/jquery/cat-project"}}}
[Thu Jan 22 2015 15:51:07 GMT+0200 (IST)] INFO watch: false kill: -1 process: 24363
[Thu Jan 22 2015 15:51:07 GMT+0200 (IST)] WARNING [CAT Config] Missing 'dependencies' configuration section
[Thu Jan 22 2015 15:51:07 GMT+0200 (IST)] DEBUG "[cat config] Project's resource '/home/arik/dev/projects/lastboy/catjstests/app/jquery/cat-project/src/' already exists"
[Thu Jan 22 2015 15:51:07 GMT+0200 (IST)] DEBUG "[cat config] Project's resource '/home/arik/dev/projects/lastboy/catjstests/app/jquery/cat-project/target/' already exists"
[Thu Jan 22 2015 15:51:07 GMT+0200 (IST)] WARNING "[utils resolver] the object was partially resolved, check your query: scrapfilter"
[Thu Jan 22 2015 15:51:07 GMT+0200 (IST)] WARNING "[cat config] No valid configuration, missing 'scrapfilter' entry"
[Thu Jan 22 2015 15:51:07 GMT+0200 (IST)] WARNING "[utils resolver] the object was partially resolved, check your query: dependencies"
[Thu Jan 22 2015 15:51:07 GMT+0200 (IST)] WARNING "[cat config] No valid configuration, missing 'dependencies' entry"
[Thu Jan 22 2015 15:51:07 GMT+0200 (IST)] INFO [base extension] Initialized
[Thu Jan 22 2015 15:51:07 GMT+0200 (IST)] INFO [CAT] running target: libraries
[Thu Jan 22 2015 15:51:07 GMT+0200 (IST)] DEBUG [Action] Instantiating action: libraries
[Thu Jan 22 2015 15:51:07 GMT+0200 (IST)] INFO [CAT] running target: libraries
[Thu Jan 22 2015 15:51:07 GMT+0200 (IST)] DEBUG [Action] Instantiating action: libraries
[Thu Jan 22 2015 15:51:08 GMT+0200 (IST)] ERROR "[libraries] Failed to copy file: '/home/arik/dev/projects/lastboy/catjs/src/libraries/requirejs/requirejs.js' Error: ENOENT, no such file or directory '/home/arik/dev/projects/lastboy/catjs/src/libraries/requirejs/requirejs.js'"
[Thu Jan 22 2015 15:51:08 GMT+0200 (IST)] INFO [CAT] running target: libraries
[Thu Jan 22 2015 15:51:08 GMT+0200 (IST)] DEBUG [Action] Instantiating action: libraries
[Thu Jan 22 2015 15:51:13 GMT+0200 (IST)] INFO 

[CAT] Initial LOG -----------------------------------------------------------------------
[Thu Jan 22 2015 15:51:13 GMT+0200 (IST)] INFO [CAT] Initial CAT process: 24379
[Thu Jan 22 2015 15:51:13 GMT+0200 (IST)] DEBUG [CAT] Initial, current location: /home/arik/dev/projects/lastboy/catjstests/app/jquery/cat-project
[Thu Jan 22 2015 15:51:13 GMT+0200 (IST)] DEBUG [CAT] Initial, command line arguments: {"task":["t@clean","t@init","t@scrap","t@inject","t@server.start"],"argv":{"remain":[],"cooked":["--task","t@clean","--task","t@init","--task","t@scrap","--task","t@inject","--task","t@server.start"],"original":["-cbs"]},"home":{"path":"/home/arik/dev/projects/lastboy/catjs","working":{"path":"/home/arik/dev/projects/lastboy/catjstests/app/jquery/cat-project"}}}
[Thu Jan 22 2015 15:51:13 GMT+0200 (IST)] INFO watch: false kill: -1 process: 24379
[Thu Jan 22 2015 15:51:13 GMT+0200 (IST)] WARNING [CAT Config] Missing 'dependencies' configuration section
[Thu Jan 22 2015 15:51:13 GMT+0200 (IST)] DEBUG "[cat config] Project's resource '/home/arik/dev/projects/lastboy/catjstests/app/jquery/cat-project/src/' already exists"
[Thu Jan 22 2015 15:51:13 GMT+0200 (IST)] DEBUG "[cat config] Project's resource '/home/arik/dev/projects/lastboy/catjstests/app/jquery/cat-project/target/' already exists"
[Thu Jan 22 2015 15:51:13 GMT+0200 (IST)] WARNING "[utils resolver] the object was partially resolved, check your query: scrapfilter"
[Thu Jan 22 2015 15:51:13 GMT+0200 (IST)] WARNING "[cat config] No valid configuration, missing 'scrapfilter' entry"
[Thu Jan 22 2015 15:51:13 GMT+0200 (IST)] WARNING "[utils resolver] the object was partially resolved, check your query: dependencies"
[Thu Jan 22 2015 15:51:13 GMT+0200 (IST)] WARNING "[cat config] No valid configuration, missing 'dependencies' entry"
[Thu Jan 22 2015 15:51:13 GMT+0200 (IST)] INFO [base extension] Initialized
[Thu Jan 22 2015 15:51:13 GMT+0200 (IST)] INFO [CAT] running target: clean
[Thu Jan 22 2015 15:51:13 GMT+0200 (IST)] DEBUG [Action] Instantiating action: clean
[Thu Jan 22 2015 15:51:13 GMT+0200 (IST)] INFO [base extension] Initialized
[Thu Jan 22 2015 15:51:13 GMT+0200 (IST)] INFO [CAT] running target: copy
[Thu Jan 22 2015 15:51:13 GMT+0200 (IST)] DEBUG [Action] Instantiating action: copy
[Thu Jan 22 2015 15:51:14 GMT+0200 (IST)] INFO [CAT] running target: libraries
[Thu Jan 22 2015 15:51:14 GMT+0200 (IST)] DEBUG [Action] Instantiating action: libraries
[Thu Jan 22 2015 15:51:14 GMT+0200 (IST)] INFO [CAT] running target: copy
[Thu Jan 22 2015 15:51:14 GMT+0200 (IST)] DEBUG [Action] Instantiating action: copy
[Thu Jan 22 2015 15:51:14 GMT+0200 (IST)] INFO [CAT] running target: fileparse
[Thu Jan 22 2015 15:51:14 GMT+0200 (IST)] DEBUG [Action] Instantiating action: fileparse
[Thu Jan 22 2015 15:51:14 GMT+0200 (IST)] INFO [CAT] running target: copy
[Thu Jan 22 2015 15:51:14 GMT+0200 (IST)] DEBUG [Action] Instantiating action: copy
[Thu Jan 22 2015 15:51:14 GMT+0200 (IST)] INFO [CAT] running target: scrap-common
[Thu Jan 22 2015 15:51:14 GMT+0200 (IST)] DEBUG [Action] Instantiating action: scrap-common
[Thu Jan 22 2015 15:51:14 GMT+0200 (IST)] INFO [CAT] running target: scrap-jasmine
[Thu Jan 22 2015 15:51:14 GMT+0200 (IST)] DEBUG [Action] Instantiating action: scrap-jasmine
[Thu Jan 22 2015 15:51:14 GMT+0200 (IST)] INFO [CAT] running target: scrap-sencha
[Thu Jan 22 2015 15:51:14 GMT+0200 (IST)] DEBUG [Action] Instantiating action: scrap-sencha
[Thu Jan 22 2015 15:51:14 GMT+0200 (IST)] INFO [CAT] running target: scrap-jquery
[Thu Jan 22 2015 15:51:14 GMT+0200 (IST)] DEBUG [Action] Instantiating action: scrap-jquery
[Thu Jan 22 2015 15:51:14 GMT+0200 (IST)] INFO [CAT] running target: scrap-jqm
[Thu Jan 22 2015 15:51:14 GMT+0200 (IST)] DEBUG [Action] Instantiating action: scrap-jqm
[Thu Jan 22 2015 15:51:14 GMT+0200 (IST)] INFO [CAT] running target: scrap-vnc
[Thu Jan 22 2015 15:51:14 GMT+0200 (IST)] DEBUG [Action] Instantiating action: scrap-vnc
[Thu Jan 22 2015 15:51:14 GMT+0200 (IST)] INFO [CAT] running target: scrap-enyo
[Thu Jan 22 2015 15:51:14 GMT+0200 (IST)] DEBUG [Action] Instantiating action: scrap-enyo
[Thu Jan 22 2015 15:51:14 GMT+0200 (IST)] INFO [CAT] running target: scrap-screenshot
[Thu Jan 22 2015 15:51:14 GMT+0200 (IST)] DEBUG [Action] Instantiating action: scrap-screenshot
[Thu Jan 22 2015 15:51:14 GMT+0200 (IST)] INFO [CAT] running target: scrap-deviceinfo
[Thu Jan 22 2015 15:51:14 GMT+0200 (IST)] DEBUG [Action] Instantiating action: scrap-deviceinfo
[Thu Jan 22 2015 15:51:14 GMT+0200 (IST)] INFO [base extension] Initialized
[Thu Jan 22 2015 15:51:14 GMT+0200 (IST)] INFO [CAT] running target: scrap
[Thu Jan 22 2015 15:51:14 GMT+0200 (IST)] DEBUG [Action] Instantiating action: scrap
[Thu Jan 22 2015 15:51:14 GMT+0200 (IST)] INFO [CAT] running target: custom-plugin
[Thu Jan 22 2015 15:51:14 GMT+0200 (IST)] DEBUG [Action] Instantiating action: custom-plugin
[Thu Jan 22 2015 15:51:14 GMT+0200 (IST)] WARNING "[scrap plugin] Closing Scrap block but with no opening sign";
[Thu Jan 22 2015 15:51:22 GMT+0200 (IST)] WARNING "[scrap plugin] Closing Scrap block but with no opening sign";
[Thu Jan 22 2015 15:51:22 GMT+0200 (IST)] WARNING "[scrap plugin] Closing Scrap block but with no opening sign";
[Thu Jan 22 2015 15:51:24 GMT+0200 (IST)] INFO [base extension] Initialized
[Thu Jan 22 2015 15:51:24 GMT+0200 (IST)] INFO [CAT] running target: inject
[Thu Jan 22 2015 15:51:24 GMT+0200 (IST)] DEBUG [Action] Instantiating action: inject
[Thu Jan 22 2015 15:51:24 GMT+0200 (IST)] DEBUG "[cat mdata] CAT metadata file loaded successfully "
[Thu Jan 22 2015 15:51:24 GMT+0200 (IST)] DEBUG "[inject ext] Source file '/home/arik/dev/projects/lastboy/catjstests/app/jquery/cat-project/cache/jquery/index.html' created"
[Thu Jan 22 2015 15:51:24 GMT+0200 (IST)] DEBUG "[inject ext] Source file '/home/arik/dev/projects/lastboy/catjstests/app/jquery/cat-project/cache/jquery/index.html' created"
[Thu Jan 22 2015 15:51:24 GMT+0200 (IST)] DEBUG "[inject ext] CAT metadata file saved successfully "
[Thu Jan 22 2015 15:51:24 GMT+0200 (IST)] DEBUG "[inject ext] Source file '/home/arik/dev/projects/lastboy/catjstests/app/jquery/cat-project/cache/jquery/tabs/index.html' created"
[Thu Jan 22 2015 15:51:24 GMT+0200 (IST)] DEBUG "[inject ext] Source file '/home/arik/dev/projects/lastboy/catjstests/app/jquery/cat-project/cache/jquery/tabs/index.html' created"
[Thu Jan 22 2015 15:51:25 GMT+0200 (IST)] DEBUG "[inject ext] CAT metadata file saved successfully "
[Thu Jan 22 2015 15:51:25 GMT+0200 (IST)] DEBUG "[inject ext] Source file '/home/arik/dev/projects/lastboy/catjstests/app/jquery/cat-project/cache/jquery/slider/index.html' created"
[Thu Jan 22 2015 15:51:25 GMT+0200 (IST)] DEBUG "[inject ext] Source file '/home/arik/dev/projects/lastboy/catjstests/app/jquery/cat-project/cache/jquery/slider/index.html' created"
[Thu Jan 22 2015 15:51:25 GMT+0200 (IST)] DEBUG "[inject ext] CAT metadata file saved successfully "
[Thu Jan 22 2015 15:51:25 GMT+0200 (IST)] DEBUG "[inject ext] Source file '/home/arik/dev/projects/lastboy/catjstests/app/jquery/cat-project/cache/jquery/checkboxradio-checkbox/index.html' created"
[Thu Jan 22 2015 15:51:25 GMT+0200 (IST)] DEBUG "[inject ext] Source file '/home/arik/dev/projects/lastboy/catjstests/app/jquery/cat-project/cache/jquery/checkboxradio-checkbox/index.html' created"
[Thu Jan 22 2015 15:51:25 GMT+0200 (IST)] DEBUG "[inject ext] CAT metadata file saved successfully "
[Thu Jan 22 2015 15:51:25 GMT+0200 (IST)] DEBUG "[inject ext] Source file '/home/arik/dev/projects/lastboy/catjstests/app/jquery/cat-project/cache/jquery/grids/index.html' created"
[Thu Jan 22 2015 15:51:25 GMT+0200 (IST)] DEBUG "[inject ext] Source file '/home/arik/dev/projects/lastboy/catjstests/app/jquery/cat-project/cache/jquery/grids/index.html' created"
[Thu Jan 22 2015 15:51:25 GMT+0200 (IST)] DEBUG "[inject ext] CAT metadata file saved successfully "
[Thu Jan 22 2015 15:51:25 GMT+0200 (IST)] DEBUG "[inject ext] Source file '/home/arik/dev/projects/lastboy/catjstests/app/jquery/cat-project/cache/jquery/checkboxradio-radio/index.html' created"
[Thu Jan 22 2015 15:51:25 GMT+0200 (IST)] DEBUG "[inject ext] Source file '/home/arik/dev/projects/lastboy/catjstests/app/jquery/cat-project/cache/jquery/checkboxradio-radio/index.html' created"
[Thu Jan 22 2015 15:51:26 GMT+0200 (IST)] DEBUG "[inject ext] CAT metadata file saved successfully "
[Thu Jan 22 2015 15:51:26 GMT+0200 (IST)] DEBUG "[inject ext] Source file '/home/arik/dev/projects/lastboy/catjstests/app/jquery/cat-project/cache/jquery/collapsible/index.html' created"
[Thu Jan 22 2015 15:51:26 GMT+0200 (IST)] DEBUG "[inject ext] Source file '/home/arik/dev/projects/lastboy/catjstests/app/jquery/cat-project/cache/jquery/collapsible/index.html' created"
[Thu Jan 22 2015 15:51:26 GMT+0200 (IST)] DEBUG "[inject ext] CAT metadata file saved successfully "
[Thu Jan 22 2015 15:51:26 GMT+0200 (IST)] DEBUG "[inject ext] Source file '/home/arik/dev/projects/lastboy/catjstests/app/jquery/cat-project/cache/jquery/selectmenu/index.html' created"
[Thu Jan 22 2015 15:51:26 GMT+0200 (IST)] DEBUG "[inject ext] Source file '/home/arik/dev/projects/lastboy/catjstests/app/jquery/cat-project/cache/jquery/selectmenu/index.html' created"
[Thu Jan 22 2015 15:51:26 GMT+0200 (IST)] DEBUG "[inject ext] CAT metadata file saved successfully "
[Thu Jan 22 2015 15:51:26 GMT+0200 (IST)] DEBUG "[inject ext] Source file '/home/arik/dev/projects/lastboy/catjstests/app/jquery/cat-project/cache/jquery/swipe-list/index.html' created"
[Thu Jan 22 2015 15:51:26 GMT+0200 (IST)] DEBUG "[inject ext] Source file '/home/arik/dev/projects/lastboy/catjstests/app/jquery/cat-project/cache/jquery/swipe-list/index.html' created"
[Thu Jan 22 2015 15:51:27 GMT+0200 (IST)] DEBUG "[inject ext] CAT metadata file saved successfully "
[Thu Jan 22 2015 15:51:27 GMT+0200 (IST)] DEBUG "[inject ext] Source file '/home/arik/dev/projects/lastboy/catjstests/app/jquery/cat-project/cache/jquery/forms/index.html' created"
[Thu Jan 22 2015 15:51:27 GMT+0200 (IST)] DEBUG "[inject ext] Source file '/home/arik/dev/projects/lastboy/catjstests/app/jquery/cat-project/cache/jquery/forms/index.html' created"
[Thu Jan 22 2015 15:51:27 GMT+0200 (IST)] DEBUG "[inject ext] CAT metadata file saved successfully "
[Thu Jan 22 2015 15:51:27 GMT+0200 (IST)] INFO [CAT] running target: minify
[Thu Jan 22 2015 15:51:27 GMT+0200 (IST)] DEBUG [Action] Instantiating action: minify
[Thu Jan 22 2015 15:51:29 GMT+0200 (IST)] INFO [base extension] Initialized
[Thu Jan 22 2015 15:51:29 GMT+0200 (IST)] INFO [CAT] running target: webserver
[Thu Jan 22 2015 15:51:29 GMT+0200 (IST)] DEBUG [Action] Instantiating action: webserver
[Thu Jan 22 2015 15:51:29 GMT+0200 (IST)] INFO [catjs server] Server Started, listening to port:8080
[Thu Jan 22 2015 15:51:30 GMT+0200 (IST)] INFO requesting StartStartStart
[Thu Jan 22 2015 15:51:30 GMT+0200 (IST)] INFO [36ef34b9-586a-f4dd-2b63-29c9a04212a8]   Chrome 38.0.2125.122 Linux ======== Test Start  ========
[Thu Jan 22 2015 15:51:31 GMT+0200 (IST)] INFO requesting StartStartStart
[Thu Jan 22 2015 15:51:31 GMT+0200 (IST)] INFO [36ef34b9-586a-f4dd-2b63-29c9a04212a8]   Chrome 38.0.2125.122 Linux ======== Test End - Aborted ========
[Thu Jan 22 2015 15:51:31 GMT+0200 (IST)] INFO [36ef34b9-586a-f4dd-2b63-29c9a04212a8]   Chrome 38.0.2125.122 Linux ======== Test Start  ========
[Thu Jan 22 2015 15:51:33 GMT+0200 (IST)] INFO requesting setCheckCTest Passedsuccess
[Thu Jan 22 2015 15:51:33 GMT+0200 (IST)] INFO [36ef34b9-586a-f4dd-2b63-29c9a04212a8]   Chrome 38.0.2125.122 Linux ✓Test setCheckC Test Passed
[Thu Jan 22 2015 15:51:34 GMT+0200 (IST)] INFO requesting setCheckBTest Passedsuccess
[Thu Jan 22 2015 15:51:34 GMT+0200 (IST)] INFO [36ef34b9-586a-f4dd-2b63-29c9a04212a8]   Chrome 38.0.2125.122 Linux ✓Test setCheckB Test Passed
[Thu Jan 22 2015 15:51:36 GMT+0200 (IST)] INFO requesting setHCheckCTest Passedsuccess
[Thu Jan 22 2015 15:51:36 GMT+0200 (IST)] INFO [36ef34b9-586a-f4dd-2b63-29c9a04212a8]   Chrome 38.0.2125.122 Linux ✓Test setHCheckC Test Passed
[Thu Jan 22 2015 15:51:37 GMT+0200 (IST)] INFO requesting setHCheckBTest Passedsuccess
[Thu Jan 22 2015 15:51:37 GMT+0200 (IST)] INFO [36ef34b9-586a-f4dd-2b63-29c9a04212a8]   Chrome 38.0.2125.122 Linux ✓Test setHCheckB Test Passed
[Thu Jan 22 2015 15:51:40 GMT+0200 (IST)] INFO requesting StartStartStart
[Thu Jan 22 2015 15:51:40 GMT+0200 (IST)] INFO [36ef34b9-586a-f4dd-2b63-29c9a04212a8]   Chrome 38.0.2125.122 Linux ======== Test End - Aborted ========
[Thu Jan 22 2015 15:51:40 GMT+0200 (IST)] INFO [36ef34b9-586a-f4dd-2b63-29c9a04212a8]   Chrome 38.0.2125.122 Linux ======== Test Start  ========
[Thu Jan 22 2015 15:51:42 GMT+0200 (IST)] INFO requesting slider25Test Passedsuccess
[Thu Jan 22 2015 15:51:42 GMT+0200 (IST)] INFO [36ef34b9-586a-f4dd-2b63-29c9a04212a8]   Chrome 38.0.2125.122 Linux ✓Test slider25 Test Passed
[Thu Jan 22 2015 15:51:43 GMT+0200 (IST)] INFO requesting sliderHighlight77Test Passedsuccess
[Thu Jan 22 2015 15:51:43 GMT+0200 (IST)] INFO [36ef34b9-586a-f4dd-2b63-29c9a04212a8]   Chrome 38.0.2125.122 Linux ✓Test sliderHighlight77 Test Passed
[Thu Jan 22 2015 15:51:46 GMT+0200 (IST)] INFO requesting StartStartStart
[Thu Jan 22 2015 15:51:46 GMT+0200 (IST)] INFO [36ef34b9-586a-f4dd-2b63-29c9a04212a8]   Chrome 38.0.2125.122 Linux ======== Test End - Aborted ========
[Thu Jan 22 2015 15:51:46 GMT+0200 (IST)] INFO [36ef34b9-586a-f4dd-2b63-29c9a04212a8]   Chrome 38.0.2125.122 Linux ======== Test Start  ========
[Thu Jan 22 2015 15:51:50 GMT+0200 (IST)] INFO 

[CAT] Initial LOG -----------------------------------------------------------------------
[Thu Jan 22 2015 15:51:50 GMT+0200 (IST)] INFO [CAT] Initial CAT process: 24407
[Thu Jan 22 2015 15:51:50 GMT+0200 (IST)] DEBUG [CAT] Initial, current location: /home/arik/dev/projects/lastboy/catjstests/app/jquery/cat-project
[Thu Jan 22 2015 15:51:50 GMT+0200 (IST)] DEBUG [CAT] Initial, command line arguments: {"task":["t@clean"],"argv":{"remain":[],"cooked":["--task","t@clean"],"original":["-c"]},"home":{"path":"/home/arik/dev/projects/lastboy/catjs","working":{"path":"/home/arik/dev/projects/lastboy/catjstests/app/jquery/cat-project"}}}
[Thu Jan 22 2015 15:51:50 GMT+0200 (IST)] INFO watch: false kill: -1 process: 24407
[Thu Jan 22 2015 15:51:50 GMT+0200 (IST)] WARNING [CAT Config] Missing 'dependencies' configuration section
[Thu Jan 22 2015 15:51:50 GMT+0200 (IST)] DEBUG "[cat config] Project's resource '/home/arik/dev/projects/lastboy/catjstests/app/jquery/cat-project/src/' already exists"
[Thu Jan 22 2015 15:51:50 GMT+0200 (IST)] DEBUG "[cat config] Project's resource '/home/arik/dev/projects/lastboy/catjstests/app/jquery/cat-project/target/' already exists"
[Thu Jan 22 2015 15:51:50 GMT+0200 (IST)] WARNING "[utils resolver] the object was partially resolved, check your query: scrapfilter"
[Thu Jan 22 2015 15:51:50 GMT+0200 (IST)] WARNING "[cat config] No valid configuration, missing 'scrapfilter' entry"
[Thu Jan 22 2015 15:51:50 GMT+0200 (IST)] WARNING "[utils resolver] the object was partially resolved, check your query: dependencies"
[Thu Jan 22 2015 15:51:50 GMT+0200 (IST)] WARNING "[cat config] No valid configuration, missing 'dependencies' entry"
[Thu Jan 22 2015 15:51:50 GMT+0200 (IST)] INFO [base extension] Initialized
[Thu Jan 22 2015 15:51:50 GMT+0200 (IST)] INFO [CAT] running target: clean
[Thu Jan 22 2015 15:51:50 GMT+0200 (IST)] DEBUG [Action] Instantiating action: clean
[Thu Jan 22 2015 19:01:34 GMT+0200 (IST)] INFO 

[CAT] Initial LOG -----------------------------------------------------------------------
[Thu Jan 22 2015 19:01:34 GMT+0200 (IST)] INFO [CAT] Initial CAT process: 30232
[Thu Jan 22 2015 19:01:34 GMT+0200 (IST)] DEBUG [CAT] Initial, current location: /home/arik/dev/projects/lastboy/catjstests/app/jquery/cat-project
[Thu Jan 22 2015 19:01:34 GMT+0200 (IST)] DEBUG [CAT] Initial, command line arguments: {"task":["t@clean"],"argv":{"remain":[],"cooked":["--task","t@clean"],"original":["-c"]},"home":{"path":"/home/arik/dev/projects/lastboy/catjs","working":{"path":"/home/arik/dev/projects/lastboy/catjstests/app/jquery/cat-project"}}}
[Thu Jan 22 2015 19:01:34 GMT+0200 (IST)] INFO watch: false kill: -1 process: 30232
[Thu Jan 22 2015 19:01:34 GMT+0200 (IST)] WARNING [CAT Config] Missing 'dependencies' configuration section
[Thu Jan 22 2015 19:01:34 GMT+0200 (IST)] DEBUG "[cat config] Project's resource '/home/arik/dev/projects/lastboy/catjstests/app/jquery/cat-project/src/' already exists"
[Thu Jan 22 2015 19:01:34 GMT+0200 (IST)] WARNING "[utils resolver] the object was partially resolved, check your query: scrapfilter"
[Thu Jan 22 2015 19:01:34 GMT+0200 (IST)] WARNING "[cat config] No valid configuration, missing 'scrapfilter' entry"
[Thu Jan 22 2015 19:01:34 GMT+0200 (IST)] WARNING "[utils resolver] the object was partially resolved, check your query: dependencies"
[Thu Jan 22 2015 19:01:34 GMT+0200 (IST)] WARNING "[cat config] No valid configuration, missing 'dependencies' entry"
[Thu Jan 22 2015 19:01:34 GMT+0200 (IST)] INFO [base extension] Initialized
[Thu Jan 22 2015 19:01:34 GMT+0200 (IST)] INFO [CAT] running target: clean
[Thu Jan 22 2015 19:01:34 GMT+0200 (IST)] DEBUG [Action] Instantiating action: clean
