"2015-01-15 15:53:11  >> Plugin Done:  p@project.wipe 
""2015-01-15 15:53:11  Close Task:  t@wipe 
"
 --------------------------  CAT Flow ---------------------------------------------- 
"2015-01-15 15:53:16  > Open Task:  {"name":"t@clean","actions":["p@project.clean"]} watch: false 
""2015-01-15 15:53:16  >> Running Plugin:  p@project.clean 
""2015-01-15 15:53:16  >> Plugin Done:  p@project.clean 
""2015-01-15 15:53:16  Close Task:  t@clean 
""2015-01-15 15:53:16  > Open Task:  {"name":"t@init","actions":["p@project.copy","p@libraries.build","p@lib.copy","p@lib.parse","p@src.copy"]} watch: false 
""2015-01-15 15:53:16  >> Running Plugin:  p@project.copy 
""2015-01-15 15:53:16  >> Plugin Done:  p@project.copy 
""2015-01-15 15:53:16  >> Running Plugin:  p@libraries.build 
""2015-01-15 15:53:16  >> Plugin Done:  p@libraries.build 
""2015-01-15 15:53:16  >> Running Plugin:  p@lib.copy 
""2015-01-15 15:53:16  >> Plugin Done:  p@lib.copy 
""2015-01-15 15:53:16  >> Running Plugin:  p@lib.parse 
""2015-01-15 15:53:16  >> Plugin Done:  p@lib.parse 
""2015-01-15 15:53:16  >> Running Plugin:  p@src.copy 
""2015-01-15 15:53:16  >> Plugin Done:  p@src.copy 
""2015-01-15 15:53:16  Close Task:  t@init 
""2015-01-15 15:53:16  > Open Task:  {"name":"t@scrap","actions":["p@scrap.common","p@scrap.jasmine","p@scrap.sencha","p@scrap.jqm","p@scrap.vnc","p@scrap.enyo","p@scrap.screenshot","p@scrap.deviceinfo","p@custom.plugin"]} watch: false 
""2015-01-15 15:53:16  >> Running Plugin:  p@scrap.common 
""2015-01-15 15:53:16  >> Plugin Done:  p@scrap.common 
""2015-01-15 15:53:16  >> Running Plugin:  p@scrap.jasmine 
""2015-01-15 15:53:16  >> Plugin Done:  p@scrap.jasmine 
""2015-01-15 15:53:16  >> Running Plugin:  p@scrap.sencha 
""2015-01-15 15:53:16  >> Plugin Done:  p@scrap.sencha 
""2015-01-15 15:53:16  >> Running Plugin:  p@scrap.jqm 
""2015-01-15 15:53:16  >> Plugin Done:  p@scrap.jqm 
""2015-01-15 15:53:16  >> Running Plugin:  p@scrap.vnc 
""2015-01-15 15:53:16  >> Plugin Done:  p@scrap.vnc 
""2015-01-15 15:53:16  >> Running Plugin:  p@scrap.enyo 
""2015-01-15 15:53:16  >> Plugin Done:  p@scrap.enyo 
""2015-01-15 15:53:16  >> Running Plugin:  p@scrap.screenshot 
""2015-01-15 15:53:16  >> Plugin Done:  p@scrap.screenshot 
""2015-01-15 15:53:16  >> Running Plugin:  p@scrap.deviceinfo 
""2015-01-15 15:53:16  >> Plugin Done:  p@scrap.deviceinfo 
""2015-01-15 15:53:16  >> Running Plugin:  p@custom.plugin 
""2015-01-15 15:53:16  >> Plugin Done:  p@custom.plugin 
""2015-01-15 15:53:16  Close Task:  t@scrap 
""2015-01-15 15:53:16  > Open Task:  {"name":"t@inject","actions":["p@init.scrap","p@project.inject","p@project.minify"]} watch: false 
""2015-01-15 15:53:16  >> Running Plugin:  p@init.scrap 
""2015-01-15 15:53:18  >> Plugin Done:  p@init.scrap 
""2015-01-15 15:53:18  >> Running Plugin:  p@project.inject 
""2015-01-15 15:53:18  >> Plugin Done:  p@project.inject 
""2015-01-15 15:53:18  >> Running Plugin:  p@project.minify 
""2015-01-15 15:53:18  >> Plugin Done:  p@project.minify 
""2015-01-15 15:53:18  Close Task:  t@inject 
""2015-01-15 15:53:18  > Open Task:  {"name":"t@autotest","actions":["p@autotest.plugin","p@src.copy"]} watch: false 
""2015-01-15 15:53:18  >> Running Plugin:  p@autotest.plugin 
""2015-01-15 15:53:18  >> Plugin Done:  p@autotest.plugin 
""2015-01-15 15:53:18  >> Running Plugin:  p@src.copy 
""2015-01-15 15:53:18  >> Plugin Done:  p@src.copy 
""2015-01-15 15:53:18  Close Task:  t@autotest 
""2015-01-15 15:53:18  > Open Task:  {"name":"t@server.start","actions":["p@project.webserver.start"]} watch: false 
""2015-01-15 15:53:18  >> Running Plugin:  p@project.webserver.start 
""2015-01-15 15:53:18  >> Plugin Done:  p@project.webserver.start 
""2015-01-15 15:53:18  Close Task:  t@server.start 
"
 --------------------------  CAT Flow ---------------------------------------------- 
"2015-01-15 15:57:31  > Open Task:  {"name":"t@server.start","actions":["p@project.webserver.start"]} watch: false 
""2015-01-15 15:57:31  >> Running Plugin:  p@project.webserver.start 
""2015-01-15 15:57:31  >> Plugin Done:  p@project.webserver.start 
""2015-01-15 15:57:31  Close Task:  t@server.start 
"
 --------------------------  CAT Flow ---------------------------------------------- 
"2015-01-15 15:57:46  > Open Task:  {"name":"t@server.start","actions":["p@project.webserver.start"]} watch: false 
""2015-01-15 15:57:46  >> Running Plugin:  p@project.webserver.start 
""2015-01-15 15:57:46  >> Plugin Done:  p@project.webserver.start 
""2015-01-15 15:57:46  Close Task:  t@server.start 
"
 --------------------------  CAT Flow ---------------------------------------------- 
"2015-01-15 16:01:37  > Open Task:  {"name":"t@server.start","actions":["p@project.webserver.start"]} watch: false 
""2015-01-15 16:01:37  >> Running Plugin:  p@project.webserver.start 
""2015-01-15 16:01:37  >> Plugin Done:  p@project.webserver.start 
""2015-01-15 16:01:37  Close Task:  t@server.start 
"
 --------------------------  CAT Flow ---------------------------------------------- 
"2015-01-15 16:03:07  > Open Task:  {"name":"t@server.start","actions":["p@project.webserver.start"]} watch: false 
""2015-01-15 16:03:07  >> Running Plugin:  p@project.webserver.start 
""2015-01-15 16:03:07  >> Plugin Done:  p@project.webserver.start 
""2015-01-15 16:03:07  Close Task:  t@server.start 
"
 --------------------------  CAT Flow ---------------------------------------------- 
"2015-01-15 16:03:23  > Open Task:  {"name":"t@server.start","actions":["p@project.webserver.start"]} watch: false 
""2015-01-15 16:03:23  >> Running Plugin:  p@project.webserver.start 
""2015-01-15 16:03:23  >> Plugin Done:  p@project.webserver.start 
""2015-01-15 16:03:23  Close Task:  t@server.start 
"
 --------------------------  CAT Flow ---------------------------------------------- 
"2015-01-15 16:05:09  > Open Task:  {"name":"t@libs.rebuild","actions":["p@libraries.clean","p@libraries.install","p@libraries.build"]} watch: false 
""2015-01-15 16:05:09  >> Running Plugin:  p@libraries.clean 
""2015-01-15 16:05:09  >> Plugin Done:  p@libraries.clean 
""2015-01-15 16:05:09  >> Running Plugin:  p@libraries.install 
""2015-01-15 16:05:10  >> Plugin Done:  p@libraries.install 
""2015-01-15 16:05:10  >> Running Plugin:  p@libraries.build 
""2015-01-15 16:05:10  >> Plugin Done:  p@libraries.build 
""2015-01-15 16:05:10  Close Task:  t@libs.rebuild 
"
 --------------------------  CAT Flow ---------------------------------------------- 
"2015-01-15 16:05:43  > Open Task:  {"name":"t@clean","actions":["p@project.clean"]} watch: false 
""2015-01-15 16:05:43  >> Running Plugin:  p@project.clean 
""2015-01-15 16:05:44  >> Plugin Done:  p@project.clean 
""2015-01-15 16:05:44  Close Task:  t@clean 
""2015-01-15 16:05:44  > Open Task:  {"name":"t@init","actions":["p@project.copy","p@libraries.build","p@lib.copy","p@lib.parse","p@src.copy"]} watch: false 
""2015-01-15 16:05:44  >> Running Plugin:  p@project.copy 
""2015-01-15 16:05:44  >> Plugin Done:  p@project.copy 
""2015-01-15 16:05:44  >> Running Plugin:  p@libraries.build 
""2015-01-15 16:05:44  >> Plugin Done:  p@libraries.build 
""2015-01-15 16:05:44  >> Running Plugin:  p@lib.copy 
""2015-01-15 16:05:44  >> Plugin Done:  p@lib.copy 
""2015-01-15 16:05:44  >> Running Plugin:  p@lib.parse 
""2015-01-15 16:05:44  >> Plugin Done:  p@lib.parse 
""2015-01-15 16:05:44  >> Running Plugin:  p@src.copy 
""2015-01-15 16:05:44  >> Plugin Done:  p@src.copy 
""2015-01-15 16:05:44  Close Task:  t@init 
""2015-01-15 16:05:44  > Open Task:  {"name":"t@scrap","actions":["p@scrap.common","p@scrap.jasmine","p@scrap.sencha","p@scrap.jqm","p@scrap.vnc","p@scrap.enyo","p@scrap.screenshot","p@scrap.deviceinfo","p@custom.plugin"]} watch: false 
""2015-01-15 16:05:44  >> Running Plugin:  p@scrap.common 
""2015-01-15 16:05:44  >> Plugin Done:  p@scrap.common 
""2015-01-15 16:05:44  >> Running Plugin:  p@scrap.jasmine 
""2015-01-15 16:05:44  >> Plugin Done:  p@scrap.jasmine 
""2015-01-15 16:05:44  >> Running Plugin:  p@scrap.sencha 
""2015-01-15 16:05:44  >> Plugin Done:  p@scrap.sencha 
""2015-01-15 16:05:44  >> Running Plugin:  p@scrap.jqm 
""2015-01-15 16:05:44  >> Plugin Done:  p@scrap.jqm 
""2015-01-15 16:05:44  >> Running Plugin:  p@scrap.vnc 
""2015-01-15 16:05:44  >> Plugin Done:  p@scrap.vnc 
""2015-01-15 16:05:44  >> Running Plugin:  p@scrap.enyo 
""2015-01-15 16:05:44  >> Plugin Done:  p@scrap.enyo 
""2015-01-15 16:05:44  >> Running Plugin:  p@scrap.screenshot 
""2015-01-15 16:05:44  >> Plugin Done:  p@scrap.screenshot 
""2015-01-15 16:05:44  >> Running Plugin:  p@scrap.deviceinfo 
""2015-01-15 16:05:44  >> Plugin Done:  p@scrap.deviceinfo 
""2015-01-15 16:05:44  >> Running Plugin:  p@custom.plugin 
""2015-01-15 16:05:44  >> Plugin Done:  p@custom.plugin 
""2015-01-15 16:05:44  Close Task:  t@scrap 
""2015-01-15 16:05:44  > Open Task:  {"name":"t@inject","actions":["p@init.scrap","p@project.inject","p@project.minify"]} watch: false 
""2015-01-15 16:05:44  >> Running Plugin:  p@init.scrap 
""2015-01-15 16:05:45  >> Plugin Done:  p@init.scrap 
""2015-01-15 16:05:45  >> Running Plugin:  p@project.inject 
""2015-01-15 16:05:45  >> Plugin Done:  p@project.inject 
""2015-01-15 16:05:45  >> Running Plugin:  p@project.minify 
""2015-01-15 16:05:46  >> Plugin Done:  p@project.minify 
""2015-01-15 16:05:46  Close Task:  t@inject 
""2015-01-15 16:05:46  > Open Task:  {"name":"t@autotest","actions":["p@autotest.plugin","p@src.copy"]} watch: false 
""2015-01-15 16:05:46  >> Running Plugin:  p@autotest.plugin 
""2015-01-15 16:05:46  >> Plugin Done:  p@autotest.plugin 
""2015-01-15 16:05:46  >> Running Plugin:  p@src.copy 
""2015-01-15 16:05:46  >> Plugin Done:  p@src.copy 
""2015-01-15 16:05:46  Close Task:  t@autotest 
""2015-01-15 16:05:46  > Open Task:  {"name":"t@server.start","actions":["p@project.webserver.start"]} watch: false 
""2015-01-15 16:05:46  >> Running Plugin:  p@project.webserver.start 
""2015-01-15 16:05:46  >> Plugin Done:  p@project.webserver.start 
""2015-01-15 16:05:46  Close Task:  t@server.start 
"
 --------------------------  CAT Flow ---------------------------------------------- 
"2015-01-20 11:38:35  > Open Task:  {"name":"t@clean","actions":["p@project.clean"]} watch: false 
""2015-01-20 11:38:35  >> Running Plugin:  p@project.clean 
""2015-01-20 11:38:35  >> Plugin Done:  p@project.clean 
""2015-01-20 11:38:35  Close Task:  t@clean 
""2015-01-20 11:38:35  > Open Task:  {"name":"t@init","actions":["p@project.copy","p@libraries.build","p@lib.copy","p@lib.parse","p@src.copy"]} watch: false 
""2015-01-20 11:38:35  >> Running Plugin:  p@project.copy 
""2015-01-20 11:38:35  >> Plugin Done:  p@project.copy 
""2015-01-20 11:38:35  >> Running Plugin:  p@libraries.build 
""2015-01-20 11:38:35  >> Plugin Done:  p@libraries.build 
""2015-01-20 11:38:35  >> Running Plugin:  p@lib.copy 
""2015-01-20 11:38:35  >> Plugin Done:  p@lib.copy 
""2015-01-20 11:38:35  >> Running Plugin:  p@lib.parse 
""2015-01-20 11:38:35  >> Plugin Done:  p@lib.parse 
""2015-01-20 11:38:35  >> Running Plugin:  p@src.copy 
""2015-01-20 11:38:35  >> Plugin Done:  p@src.copy 
""2015-01-20 11:38:35  Close Task:  t@init 
""2015-01-20 11:38:35  > Open Task:  {"name":"t@scrap","actions":["p@scrap.common","p@scrap.jasmine","p@scrap.sencha","p@scrap.jqm","p@scrap.vnc","p@scrap.enyo","p@scrap.screenshot","p@scrap.deviceinfo","p@custom.plugin"]} watch: false 
""2015-01-20 11:38:35  >> Running Plugin:  p@scrap.common 
""2015-01-20 11:38:35  >> Plugin Done:  p@scrap.common 
""2015-01-20 11:38:35  >> Running Plugin:  p@scrap.jasmine 
""2015-01-20 11:38:35  >> Plugin Done:  p@scrap.jasmine 
""2015-01-20 11:38:35  >> Running Plugin:  p@scrap.sencha 
""2015-01-20 11:38:35  >> Plugin Done:  p@scrap.sencha 
""2015-01-20 11:38:35  >> Running Plugin:  p@scrap.jqm 
""2015-01-20 11:38:35  >> Plugin Done:  p@scrap.jqm 
""2015-01-20 11:38:35  >> Running Plugin:  p@scrap.vnc 
""2015-01-20 11:38:35  >> Plugin Done:  p@scrap.vnc 
""2015-01-20 11:38:35  >> Running Plugin:  p@scrap.enyo 
""2015-01-20 11:38:35  >> Plugin Done:  p@scrap.enyo 
""2015-01-20 11:38:35  >> Running Plugin:  p@scrap.screenshot 
""2015-01-20 11:38:35  >> Plugin Done:  p@scrap.screenshot 
""2015-01-20 11:38:35  >> Running Plugin:  p@scrap.deviceinfo 
""2015-01-20 11:38:35  >> Plugin Done:  p@scrap.deviceinfo 
""2015-01-20 11:38:35  >> Running Plugin:  p@custom.plugin 
""2015-01-20 11:38:35  >> Plugin Done:  p@custom.plugin 
""2015-01-20 11:38:35  Close Task:  t@scrap 
""2015-01-20 11:38:35  > Open Task:  {"name":"t@inject","actions":["p@init.scrap","p@project.inject","p@project.minify"]} watch: false 
""2015-01-20 11:38:35  >> Running Plugin:  p@init.scrap 
""2015-01-20 11:38:37  >> Plugin Done:  p@init.scrap 
""2015-01-20 11:38:37  >> Running Plugin:  p@project.inject 
""2015-01-20 11:38:37  >> Plugin Done:  p@project.inject 
""2015-01-20 11:38:37  >> Running Plugin:  p@project.minify 
""2015-01-20 11:38:37  >> Plugin Done:  p@project.minify 
""2015-01-20 11:38:37  Close Task:  t@inject 
""2015-01-20 11:38:37  > Open Task:  {"name":"t@server.start","actions":["p@project.webserver.start"]} watch: false 
""2015-01-20 11:38:37  >> Running Plugin:  p@project.webserver.start 
""2015-01-20 11:38:37  >> Plugin Done:  p@project.webserver.start 
""2015-01-20 11:38:37  Close Task:  t@server.start 
"