[Wed Jan 28 2015 17:44:12 GMT+0200 (IST)] INFO 

[CAT] Initial LOG -----------------------------------------------------------------------
[Wed Jan 28 2015 17:44:12 GMT+0200 (IST)] INFO [CAT] Initial CAT process: 20662
[Wed Jan 28 2015 17:44:12 GMT+0200 (IST)] DEBUG [CAT] Initial, current location: /Users/ransnir/Documents/workspace/catjstests/app/iframe/cat-project
[Wed Jan 28 2015 17:44:12 GMT+0200 (IST)] DEBUG [CAT] Initial, command line arguments: {"task":["t@clean","t@init","t@scrap","t@inject","t@server.start"],"argv":{"remain":[],"cooked":["--task","t@clean","--task","t@init","--task","t@scrap","--task","t@inject","--task","t@server.start"],"original":["-cbs"]},"home":{"path":"/Users/ransnir/Documents/workspace/catjs","working":{"path":"/Users/ransnir/Documents/workspace/catjstests/app/iframe/cat-project"}}}
[Wed Jan 28 2015 17:44:12 GMT+0200 (IST)] INFO watch: false kill: -1 process: 20662
[Wed Jan 28 2015 17:44:12 GMT+0200 (IST)] WARNING [CAT Config] Missing 'dependencies' configuration section
[Wed Jan 28 2015 17:44:12 GMT+0200 (IST)] DEBUG "[cat config] Project's resource '/Users/ransnir/Documents/workspace/catjstests/app/iframe/cat-project/src/' already exists"
[Wed Jan 28 2015 17:44:12 GMT+0200 (IST)] DEBUG "[cat config] Project's resource '/Users/ransnir/Documents/workspace/catjstests/app/iframe/cat-project/target/' already exists"
[Wed Jan 28 2015 17:44:12 GMT+0200 (IST)] WARNING "[utils resolver] the object was partially resolved, check your query: scrapfilter"
[Wed Jan 28 2015 17:44:12 GMT+0200 (IST)] WARNING "[cat config] No valid configuration, missing 'scrapfilter' entry"
[Wed Jan 28 2015 17:44:12 GMT+0200 (IST)] WARNING "[utils resolver] the object was partially resolved, check your query: dependencies"
[Wed Jan 28 2015 17:44:12 GMT+0200 (IST)] WARNING "[cat config] No valid configuration, missing 'dependencies' entry"
[Wed Jan 28 2015 17:44:12 GMT+0200 (IST)] INFO [base extension] Initialized
[Wed Jan 28 2015 17:44:12 GMT+0200 (IST)] INFO [CAT] running target: clean
[Wed Jan 28 2015 17:44:12 GMT+0200 (IST)] DEBUG [Action] Instantiating action: clean
[Wed Jan 28 2015 17:44:12 GMT+0200 (IST)] INFO [base extension] Initialized
[Wed Jan 28 2015 17:44:12 GMT+0200 (IST)] INFO [CAT] running target: copy
[Wed Jan 28 2015 17:44:12 GMT+0200 (IST)] DEBUG [Action] Instantiating action: copy
[Wed Jan 28 2015 17:44:12 GMT+0200 (IST)] INFO [CAT] running target: libraries
[Wed Jan 28 2015 17:44:12 GMT+0200 (IST)] DEBUG [Action] Instantiating action: libraries
[Wed Jan 28 2015 17:44:12 GMT+0200 (IST)] INFO [CAT] running target: copy
[Wed Jan 28 2015 17:44:12 GMT+0200 (IST)] DEBUG [Action] Instantiating action: copy
[Wed Jan 28 2015 17:44:12 GMT+0200 (IST)] INFO [CAT] running target: fileparse
[Wed Jan 28 2015 17:44:12 GMT+0200 (IST)] DEBUG [Action] Instantiating action: fileparse
[Wed Jan 28 2015 17:44:12 GMT+0200 (IST)] INFO [CAT] running target: copy
[Wed Jan 28 2015 17:44:12 GMT+0200 (IST)] DEBUG [Action] Instantiating action: copy
[Wed Jan 28 2015 17:44:12 GMT+0200 (IST)] INFO [CAT] running target: scrap-common
[Wed Jan 28 2015 17:44:12 GMT+0200 (IST)] DEBUG [Action] Instantiating action: scrap-common
[Wed Jan 28 2015 17:44:13 GMT+0200 (IST)] INFO [CAT] running target: scrap-jasmine
[Wed Jan 28 2015 17:44:13 GMT+0200 (IST)] DEBUG [Action] Instantiating action: scrap-jasmine
[Wed Jan 28 2015 17:44:13 GMT+0200 (IST)] INFO [CAT] running target: scrap-sencha
[Wed Jan 28 2015 17:44:13 GMT+0200 (IST)] DEBUG [Action] Instantiating action: scrap-sencha
[Wed Jan 28 2015 17:44:13 GMT+0200 (IST)] INFO [CAT] running target: scrap-jqm
[Wed Jan 28 2015 17:44:13 GMT+0200 (IST)] DEBUG [Action] Instantiating action: scrap-jqm
[Wed Jan 28 2015 17:44:13 GMT+0200 (IST)] INFO [CAT] running target: scrap-vnc
[Wed Jan 28 2015 17:44:13 GMT+0200 (IST)] DEBUG [Action] Instantiating action: scrap-vnc
[Wed Jan 28 2015 17:44:13 GMT+0200 (IST)] INFO [CAT] running target: scrap-enyo
[Wed Jan 28 2015 17:44:13 GMT+0200 (IST)] DEBUG [Action] Instantiating action: scrap-enyo
[Wed Jan 28 2015 17:44:13 GMT+0200 (IST)] INFO [CAT] running target: scrap-screenshot
[Wed Jan 28 2015 17:44:13 GMT+0200 (IST)] DEBUG [Action] Instantiating action: scrap-screenshot
[Wed Jan 28 2015 17:44:13 GMT+0200 (IST)] INFO [CAT] running target: scrap-deviceinfo
[Wed Jan 28 2015 17:44:13 GMT+0200 (IST)] DEBUG [Action] Instantiating action: scrap-deviceinfo
[Wed Jan 28 2015 17:44:13 GMT+0200 (IST)] INFO [base extension] Initialized
[Wed Jan 28 2015 17:44:13 GMT+0200 (IST)] INFO [CAT] running target: scrap
[Wed Jan 28 2015 17:44:13 GMT+0200 (IST)] DEBUG [Action] Instantiating action: scrap
[Wed Jan 28 2015 17:44:13 GMT+0200 (IST)] INFO [CAT] running target: custom-plugin
[Wed Jan 28 2015 17:44:13 GMT+0200 (IST)] DEBUG [Action] Instantiating action: custom-plugin
[Wed Jan 28 2015 17:44:13 GMT+0200 (IST)] INFO [base extension] Initialized
[Wed Jan 28 2015 17:44:13 GMT+0200 (IST)] INFO [CAT] running target: inject
[Wed Jan 28 2015 17:44:13 GMT+0200 (IST)] DEBUG [Action] Instantiating action: inject
[Wed Jan 28 2015 17:44:13 GMT+0200 (IST)] DEBUG "[cat mdata] CAT metadata file loaded successfully "
[Wed Jan 28 2015 17:44:13 GMT+0200 (IST)] DEBUG "[inject ext] Source file '/Users/ransnir/Documents/workspace/catjstests/app/iframe/cat-project/cache/iframe/page2/iframe2.html' created"
[Wed Jan 28 2015 17:44:13 GMT+0200 (IST)] DEBUG "[inject ext] Source file '/Users/ransnir/Documents/workspace/catjstests/app/iframe/cat-project/cache/iframe/page2/iframe2.html' created"
[Wed Jan 28 2015 17:44:13 GMT+0200 (IST)] DEBUG "[inject ext] CAT metadata file saved successfully "
[Wed Jan 28 2015 17:44:13 GMT+0200 (IST)] DEBUG "[inject ext] Source file '/Users/ransnir/Documents/workspace/catjstests/app/iframe/cat-project/cache/iframe/page3/iframe3.html' created"
[Wed Jan 28 2015 17:44:13 GMT+0200 (IST)] DEBUG "[inject ext] Source file '/Users/ransnir/Documents/workspace/catjstests/app/iframe/cat-project/cache/iframe/page3/iframe3.html' created"
[Wed Jan 28 2015 17:44:13 GMT+0200 (IST)] DEBUG "[inject ext] CAT metadata file saved successfully "
[Wed Jan 28 2015 17:44:13 GMT+0200 (IST)] DEBUG "[inject ext] Source file '/Users/ransnir/Documents/workspace/catjstests/app/iframe/cat-project/cache/iframe/page1/iframe1.html' created"
[Wed Jan 28 2015 17:44:13 GMT+0200 (IST)] DEBUG "[inject ext] Source file '/Users/ransnir/Documents/workspace/catjstests/app/iframe/cat-project/cache/iframe/page1/iframe1.html' created"
[Wed Jan 28 2015 17:44:13 GMT+0200 (IST)] DEBUG "[inject ext] CAT metadata file saved successfully "
[Wed Jan 28 2015 17:44:13 GMT+0200 (IST)] DEBUG "[inject ext] Source file '/Users/ransnir/Documents/workspace/catjstests/app/iframe/cat-project/cache/iframe/index.html' created"
[Wed Jan 28 2015 17:44:13 GMT+0200 (IST)] DEBUG "[inject ext] Source file '/Users/ransnir/Documents/workspace/catjstests/app/iframe/cat-project/cache/iframe/index.html' created"
[Wed Jan 28 2015 17:44:13 GMT+0200 (IST)] DEBUG "[inject ext] CAT metadata file saved successfully "
[Wed Jan 28 2015 17:44:13 GMT+0200 (IST)] INFO [CAT] running target: minify
[Wed Jan 28 2015 17:44:13 GMT+0200 (IST)] DEBUG [Action] Instantiating action: minify
[Wed Jan 28 2015 17:44:13 GMT+0200 (IST)] INFO [base extension] Initialized
[Wed Jan 28 2015 17:44:13 GMT+0200 (IST)] INFO [CAT] running target: webserver
[Wed Jan 28 2015 17:44:13 GMT+0200 (IST)] DEBUG [Action] Instantiating action: webserver
[Wed Jan 28 2015 17:44:13 GMT+0200 (IST)] INFO [catjs server] Server Started, listening to port:8089
[Wed Jan 28 2015 17:44:16 GMT+0200 (IST)] INFO requesting StartStartStart
[Wed Jan 28 2015 17:44:16 GMT+0200 (IST)] INFO [3eef83e7-e892-ff05-3221-d657f12ce3df]   Chrome 40.0.2214.91 OS X ======== Test Start  ========
[Wed Jan 28 2015 17:44:16 GMT+0200 (IST)] INFO requesting StartStartStart
[Wed Jan 28 2015 17:44:16 GMT+0200 (IST)] INFO [3eef83e7-e892-ff05-3221-d657f12ce3df]   Chrome 40.0.2214.91 OS X ======== Test End - Aborted ========
[Wed Jan 28 2015 17:44:16 GMT+0200 (IST)] INFO [3eef83e7-e892-ff05-3221-d657f12ce3df]   Chrome 40.0.2214.91 OS X ======== Test Start  ========
[Wed Jan 28 2015 17:44:16 GMT+0200 (IST)] INFO requesting StartStartStart
[Wed Jan 28 2015 17:44:16 GMT+0200 (IST)] INFO [3eef83e7-e892-ff05-3221-d657f12ce3df]   Chrome 40.0.2214.91 OS X ======== Test End - Aborted ========
[Wed Jan 28 2015 17:44:16 GMT+0200 (IST)] INFO [3eef83e7-e892-ff05-3221-d657f12ce3df]   Chrome 40.0.2214.91 OS X ======== Test Start  ========
[Wed Jan 28 2015 17:44:16 GMT+0200 (IST)] INFO requesting StartStartStart
[Wed Jan 28 2015 17:44:16 GMT+0200 (IST)] INFO [3eef83e7-e892-ff05-3221-d657f12ce3df]   Chrome 40.0.2214.91 OS X ======== Test End - Aborted ========
[Wed Jan 28 2015 17:44:16 GMT+0200 (IST)] INFO [3eef83e7-e892-ff05-3221-d657f12ce3df]   Chrome 40.0.2214.91 OS X ======== Test Start  ========
[Wed Jan 28 2015 17:44:17 GMT+0200 (IST)] INFO requesting iframe2Test Passedsuccess
[Wed Jan 28 2015 17:44:17 GMT+0200 (IST)] INFO [3eef83e7-e892-ff05-3221-d657f12ce3df]   Chrome 40.0.2214.91 OS X ✓Test iframe2 Test Passed
[Wed Jan 28 2015 17:44:17 GMT+0200 (IST)] INFO requesting main1Test Passedsuccess
[Wed Jan 28 2015 17:44:17 GMT+0200 (IST)] INFO [3eef83e7-e892-ff05-3221-d657f12ce3df]   Chrome 40.0.2214.91 OS X ✓Test main1 Test Passed
[Wed Jan 28 2015 17:44:17 GMT+0200 (IST)] INFO requesting iframe5Test Passedsuccess
[Wed Jan 28 2015 17:44:17 GMT+0200 (IST)] INFO [3eef83e7-e892-ff05-3221-d657f12ce3df]   Chrome 40.0.2214.91 OS X ✓Test iframe5 Test Passed
[Wed Jan 28 2015 17:44:17 GMT+0200 (IST)] INFO requesting main3Test Passedsuccess
[Wed Jan 28 2015 17:44:17 GMT+0200 (IST)] INFO [3eef83e7-e892-ff05-3221-d657f12ce3df]   Chrome 40.0.2214.91 OS X ✓Test main3 Test Passed
[Wed Jan 28 2015 17:44:17 GMT+0200 (IST)] INFO requesting iframe4Test Passedsuccess
[Wed Jan 28 2015 17:44:17 GMT+0200 (IST)] INFO [3eef83e7-e892-ff05-3221-d657f12ce3df]   Chrome 40.0.2214.91 OS X ✓Test iframe4 Test Passed
[Wed Jan 28 2015 17:44:17 GMT+0200 (IST)] INFO requesting EndEndEnd
[Wed Jan 28 2015 17:44:17 GMT+0200 (IST)] INFO [3eef83e7-e892-ff05-3221-d657f12ce3df]   Chrome 40.0.2214.91 OS X ======== Test End - succeeded ========
[Wed Jan 28 2015 17:44:36 GMT+0200 (IST)] INFO [CAT] Tests stopped reporting, probably a network problem, failing the rest of the tests
[Wed Jan 28 2015 17:44:36 GMT+0200 (IST)] INFO [CAT] Tests stopped reporting, probably a network problem, failing the rest of the tests
[Wed Jan 28 2015 17:44:36 GMT+0200 (IST)] INFO [CAT] Tests stopped reporting, probably a network problem, failing the rest of the tests
[Wed Jan 28 2015 17:44:36 GMT+0200 (IST)] INFO [CAT] Tests stopped reporting, probably a network problem, failing the rest of the tests
[Wed Jan 28 2015 17:44:37 GMT+0200 (IST)] INFO [CAT] Tests stopped reporting, probably a network problem, failing the rest of the tests
[Wed Jan 28 2015 17:44:37 GMT+0200 (IST)] INFO [CAT] Tests stopped reporting, probably a network problem, failing the rest of the tests
[Wed Jan 28 2015 17:44:37 GMT+0200 (IST)] INFO [CAT] Tests stopped reporting, probably a network problem, failing the rest of the tests
[Wed Jan 28 2015 17:44:37 GMT+0200 (IST)] INFO [CAT] Tests stopped reporting, probably a network problem, failing the rest of the tests
[Wed Jan 28 2015 17:44:37 GMT+0200 (IST)] INFO [CAT] Tests stopped reporting, probably a network problem, failing the rest of the tests
[Wed Jan 28 2015 17:52:32 GMT+0200 (IST)] INFO 

[CAT] Initial LOG -----------------------------------------------------------------------
[Wed Jan 28 2015 17:52:32 GMT+0200 (IST)] INFO [CAT] Initial CAT process: 20773
[Wed Jan 28 2015 17:52:32 GMT+0200 (IST)] DEBUG [CAT] Initial, current location: /Users/ransnir/Documents/workspace/catjstests/app/iframe/cat-project
[Wed Jan 28 2015 17:52:32 GMT+0200 (IST)] DEBUG [CAT] Initial, command line arguments: {"task":["t@clean","t@init","t@scrap","t@inject","t@server.start"],"argv":{"remain":[],"cooked":["--task","t@clean","--task","t@init","--task","t@scrap","--task","t@inject","--task","t@server.start"],"original":["-cbs"]},"home":{"path":"/Users/ransnir/Documents/workspace/catjs","working":{"path":"/Users/ransnir/Documents/workspace/catjstests/app/iframe/cat-project"}}}
[Wed Jan 28 2015 17:52:32 GMT+0200 (IST)] INFO watch: false kill: -1 process: 20773
[Wed Jan 28 2015 17:52:32 GMT+0200 (IST)] WARNING [CAT Config] Missing 'dependencies' configuration section
[Wed Jan 28 2015 17:52:32 GMT+0200 (IST)] DEBUG "[cat config] Project's resource '/Users/ransnir/Documents/workspace/catjstests/app/iframe/cat-project/src/' already exists"
[Wed Jan 28 2015 17:52:32 GMT+0200 (IST)] DEBUG "[cat config] Project's resource '/Users/ransnir/Documents/workspace/catjstests/app/iframe/cat-project/target/' already exists"
[Wed Jan 28 2015 17:52:32 GMT+0200 (IST)] WARNING "[utils resolver] the object was partially resolved, check your query: scrapfilter"
[Wed Jan 28 2015 17:52:32 GMT+0200 (IST)] WARNING "[cat config] No valid configuration, missing 'scrapfilter' entry"
[Wed Jan 28 2015 17:52:32 GMT+0200 (IST)] WARNING "[utils resolver] the object was partially resolved, check your query: dependencies"
[Wed Jan 28 2015 17:52:32 GMT+0200 (IST)] WARNING "[cat config] No valid configuration, missing 'dependencies' entry"
[Wed Jan 28 2015 17:52:32 GMT+0200 (IST)] INFO [base extension] Initialized
[Wed Jan 28 2015 17:52:32 GMT+0200 (IST)] INFO [CAT] running target: clean
[Wed Jan 28 2015 17:52:32 GMT+0200 (IST)] DEBUG [Action] Instantiating action: clean
[Wed Jan 28 2015 17:52:32 GMT+0200 (IST)] INFO [base extension] Initialized
[Wed Jan 28 2015 17:52:32 GMT+0200 (IST)] INFO [CAT] running target: copy
[Wed Jan 28 2015 17:52:32 GMT+0200 (IST)] DEBUG [Action] Instantiating action: copy
[Wed Jan 28 2015 17:52:32 GMT+0200 (IST)] INFO [CAT] running target: libraries
[Wed Jan 28 2015 17:52:32 GMT+0200 (IST)] DEBUG [Action] Instantiating action: libraries
[Wed Jan 28 2015 17:52:32 GMT+0200 (IST)] INFO [CAT] running target: copy
[Wed Jan 28 2015 17:52:32 GMT+0200 (IST)] DEBUG [Action] Instantiating action: copy
[Wed Jan 28 2015 17:52:32 GMT+0200 (IST)] INFO [CAT] running target: fileparse
[Wed Jan 28 2015 17:52:32 GMT+0200 (IST)] DEBUG [Action] Instantiating action: fileparse
[Wed Jan 28 2015 17:52:32 GMT+0200 (IST)] INFO [CAT] running target: copy
[Wed Jan 28 2015 17:52:32 GMT+0200 (IST)] DEBUG [Action] Instantiating action: copy
[Wed Jan 28 2015 17:52:32 GMT+0200 (IST)] INFO [CAT] running target: scrap-common
[Wed Jan 28 2015 17:52:32 GMT+0200 (IST)] DEBUG [Action] Instantiating action: scrap-common
[Wed Jan 28 2015 17:52:32 GMT+0200 (IST)] INFO [CAT] running target: scrap-jasmine
[Wed Jan 28 2015 17:52:32 GMT+0200 (IST)] DEBUG [Action] Instantiating action: scrap-jasmine
[Wed Jan 28 2015 17:52:32 GMT+0200 (IST)] INFO [CAT] running target: scrap-sencha
[Wed Jan 28 2015 17:52:32 GMT+0200 (IST)] DEBUG [Action] Instantiating action: scrap-sencha
[Wed Jan 28 2015 17:52:32 GMT+0200 (IST)] INFO [CAT] running target: scrap-jqm
[Wed Jan 28 2015 17:52:32 GMT+0200 (IST)] DEBUG [Action] Instantiating action: scrap-jqm
[Wed Jan 28 2015 17:52:32 GMT+0200 (IST)] INFO [CAT] running target: scrap-vnc
[Wed Jan 28 2015 17:52:32 GMT+0200 (IST)] DEBUG [Action] Instantiating action: scrap-vnc
[Wed Jan 28 2015 17:52:32 GMT+0200 (IST)] INFO [CAT] running target: scrap-enyo
[Wed Jan 28 2015 17:52:32 GMT+0200 (IST)] DEBUG [Action] Instantiating action: scrap-enyo
[Wed Jan 28 2015 17:52:32 GMT+0200 (IST)] INFO [CAT] running target: scrap-screenshot
[Wed Jan 28 2015 17:52:32 GMT+0200 (IST)] DEBUG [Action] Instantiating action: scrap-screenshot
[Wed Jan 28 2015 17:52:32 GMT+0200 (IST)] INFO [CAT] running target: scrap-deviceinfo
[Wed Jan 28 2015 17:52:32 GMT+0200 (IST)] DEBUG [Action] Instantiating action: scrap-deviceinfo
[Wed Jan 28 2015 17:52:32 GMT+0200 (IST)] INFO [base extension] Initialized
[Wed Jan 28 2015 17:52:32 GMT+0200 (IST)] INFO [CAT] running target: scrap
[Wed Jan 28 2015 17:52:32 GMT+0200 (IST)] DEBUG [Action] Instantiating action: scrap
[Wed Jan 28 2015 17:52:32 GMT+0200 (IST)] INFO [CAT] running target: custom-plugin
[Wed Jan 28 2015 17:52:32 GMT+0200 (IST)] DEBUG [Action] Instantiating action: custom-plugin
[Wed Jan 28 2015 17:52:32 GMT+0200 (IST)] INFO [base extension] Initialized
[Wed Jan 28 2015 17:52:32 GMT+0200 (IST)] INFO [CAT] running target: inject
[Wed Jan 28 2015 17:52:32 GMT+0200 (IST)] DEBUG [Action] Instantiating action: inject
[Wed Jan 28 2015 17:52:32 GMT+0200 (IST)] DEBUG "[cat mdata] CAT metadata file loaded successfully "
[Wed Jan 28 2015 17:52:32 GMT+0200 (IST)] DEBUG "[inject ext] Source file '/Users/ransnir/Documents/workspace/catjstests/app/iframe/cat-project/cache/iframe/page2/iframe2.html' created"
[Wed Jan 28 2015 17:52:32 GMT+0200 (IST)] DEBUG "[inject ext] Source file '/Users/ransnir/Documents/workspace/catjstests/app/iframe/cat-project/cache/iframe/page2/iframe2.html' created"
[Wed Jan 28 2015 17:52:32 GMT+0200 (IST)] DEBUG "[inject ext] CAT metadata file saved successfully "
[Wed Jan 28 2015 17:52:32 GMT+0200 (IST)] DEBUG "[inject ext] Source file '/Users/ransnir/Documents/workspace/catjstests/app/iframe/cat-project/cache/iframe/page3/iframe3.html' created"
[Wed Jan 28 2015 17:52:32 GMT+0200 (IST)] DEBUG "[inject ext] Source file '/Users/ransnir/Documents/workspace/catjstests/app/iframe/cat-project/cache/iframe/page3/iframe3.html' created"
[Wed Jan 28 2015 17:52:32 GMT+0200 (IST)] DEBUG "[inject ext] CAT metadata file saved successfully "
[Wed Jan 28 2015 17:52:32 GMT+0200 (IST)] DEBUG "[inject ext] Source file '/Users/ransnir/Documents/workspace/catjstests/app/iframe/cat-project/cache/iframe/page1/iframe1.html' created"
[Wed Jan 28 2015 17:52:32 GMT+0200 (IST)] DEBUG "[inject ext] Source file '/Users/ransnir/Documents/workspace/catjstests/app/iframe/cat-project/cache/iframe/page1/iframe1.html' created"
[Wed Jan 28 2015 17:52:32 GMT+0200 (IST)] DEBUG "[inject ext] CAT metadata file saved successfully "
[Wed Jan 28 2015 17:52:32 GMT+0200 (IST)] DEBUG "[inject ext] Source file '/Users/ransnir/Documents/workspace/catjstests/app/iframe/cat-project/cache/iframe/index.html' created"
[Wed Jan 28 2015 17:52:32 GMT+0200 (IST)] DEBUG "[inject ext] Source file '/Users/ransnir/Documents/workspace/catjstests/app/iframe/cat-project/cache/iframe/index.html' created"
[Wed Jan 28 2015 17:52:32 GMT+0200 (IST)] DEBUG "[inject ext] CAT metadata file saved successfully "
[Wed Jan 28 2015 17:52:32 GMT+0200 (IST)] INFO [CAT] running target: minify
[Wed Jan 28 2015 17:52:32 GMT+0200 (IST)] DEBUG [Action] Instantiating action: minify
[Wed Jan 28 2015 17:52:33 GMT+0200 (IST)] INFO [base extension] Initialized
[Wed Jan 28 2015 17:52:33 GMT+0200 (IST)] INFO [CAT] running target: webserver
[Wed Jan 28 2015 17:52:33 GMT+0200 (IST)] DEBUG [Action] Instantiating action: webserver
[Wed Jan 28 2015 17:52:33 GMT+0200 (IST)] INFO [catjs server] Server Started, listening to port:8089
[Wed Jan 28 2015 17:52:35 GMT+0200 (IST)] INFO requesting StartStartStart
[Wed Jan 28 2015 17:52:35 GMT+0200 (IST)] INFO [3eef83e7-e892-ff05-3221-d657f12ce3df]   Chrome 40.0.2214.91 OS X ======== Test Start  ========
[Wed Jan 28 2015 17:52:36 GMT+0200 (IST)] INFO requesting StartStartStart
[Wed Jan 28 2015 17:52:36 GMT+0200 (IST)] INFO [3eef83e7-e892-ff05-3221-d657f12ce3df]   Chrome 40.0.2214.91 OS X ======== Test End - Aborted ========
[Wed Jan 28 2015 17:52:36 GMT+0200 (IST)] INFO [3eef83e7-e892-ff05-3221-d657f12ce3df]   Chrome 40.0.2214.91 OS X ======== Test Start  ========
[Wed Jan 28 2015 17:52:36 GMT+0200 (IST)] INFO requesting StartStartStart
[Wed Jan 28 2015 17:52:36 GMT+0200 (IST)] INFO [3eef83e7-e892-ff05-3221-d657f12ce3df]   Chrome 40.0.2214.91 OS X ======== Test End - Aborted ========
[Wed Jan 28 2015 17:52:36 GMT+0200 (IST)] INFO [3eef83e7-e892-ff05-3221-d657f12ce3df]   Chrome 40.0.2214.91 OS X ======== Test Start  ========
[Wed Jan 28 2015 17:52:36 GMT+0200 (IST)] INFO requesting StartStartStart
[Wed Jan 28 2015 17:52:36 GMT+0200 (IST)] INFO [3eef83e7-e892-ff05-3221-d657f12ce3df]   Chrome 40.0.2214.91 OS X ======== Test End - Aborted ========
[Wed Jan 28 2015 17:52:36 GMT+0200 (IST)] INFO [3eef83e7-e892-ff05-3221-d657f12ce3df]   Chrome 40.0.2214.91 OS X ======== Test Start  ========
[Wed Jan 28 2015 17:52:36 GMT+0200 (IST)] INFO requesting iframe2Test Passedsuccess
[Wed Jan 28 2015 17:52:36 GMT+0200 (IST)] INFO [3eef83e7-e892-ff05-3221-d657f12ce3df]   Chrome 40.0.2214.91 OS X ✓Test iframe2 Test Passed
[Wed Jan 28 2015 17:52:36 GMT+0200 (IST)] INFO requesting iframe5Test Passedsuccess
[Wed Jan 28 2015 17:52:36 GMT+0200 (IST)] INFO [3eef83e7-e892-ff05-3221-d657f12ce3df]   Chrome 40.0.2214.91 OS X ✓Test iframe5 Test Passed
[Wed Jan 28 2015 17:52:36 GMT+0200 (IST)] INFO requesting iframe8Test Passedsuccess
[Wed Jan 28 2015 17:52:36 GMT+0200 (IST)] INFO [3eef83e7-e892-ff05-3221-d657f12ce3df]   Chrome 40.0.2214.91 OS X ✓Test iframe8 Test Passed
[Wed Jan 28 2015 17:52:36 GMT+0200 (IST)] INFO requesting EndEndEnd
[Wed Jan 28 2015 17:52:36 GMT+0200 (IST)] INFO [3eef83e7-e892-ff05-3221-d657f12ce3df]   Chrome 40.0.2214.91 OS X ======== Test End - succeeded ========
[Wed Jan 28 2015 17:52:36 GMT+0200 (IST)] INFO requesting main1Test Passedsuccess
[Wed Jan 28 2015 17:52:36 GMT+0200 (IST)] INFO [3eef83e7-e892-ff05-3221-d657f12ce3df]   Chrome 40.0.2214.91 OS X ✓Test main1 Test Passed
[Wed Jan 28 2015 17:52:37 GMT+0200 (IST)] INFO requesting main3Test Passedsuccess
[Wed Jan 28 2015 17:52:37 GMT+0200 (IST)] INFO [3eef83e7-e892-ff05-3221-d657f12ce3df]   Chrome 40.0.2214.91 OS X ✓Test main3 Test Passed
[Wed Jan 28 2015 17:52:55 GMT+0200 (IST)] INFO [CAT] Tests stopped reporting, probably a network problem, failing the rest of the tests
[Wed Jan 28 2015 17:52:56 GMT+0200 (IST)] INFO [CAT] Tests stopped reporting, probably a network problem, failing the rest of the tests
[Wed Jan 28 2015 17:52:56 GMT+0200 (IST)] INFO [CAT] Tests stopped reporting, probably a network problem, failing the rest of the tests
[Wed Jan 28 2015 17:52:56 GMT+0200 (IST)] INFO [CAT] Tests stopped reporting, probably a network problem, failing the rest of the tests
[Wed Jan 28 2015 17:52:56 GMT+0200 (IST)] INFO [CAT] Tests stopped reporting, probably a network problem, failing the rest of the tests
[Wed Jan 28 2015 17:52:56 GMT+0200 (IST)] INFO [CAT] Tests stopped reporting, probably a network problem, failing the rest of the tests
[Wed Jan 28 2015 17:52:56 GMT+0200 (IST)] INFO [CAT] Tests stopped reporting, probably a network problem, failing the rest of the tests
[Wed Jan 28 2015 17:52:56 GMT+0200 (IST)] INFO [CAT] Tests stopped reporting, probably a network problem, failing the rest of the tests
[Wed Jan 28 2015 17:52:57 GMT+0200 (IST)] INFO [CAT] Tests stopped reporting, probably a network problem, failing the rest of the tests
[Wed Jan 28 2015 17:53:54 GMT+0200 (IST)] INFO 

[CAT] Initial LOG -----------------------------------------------------------------------
[Wed Jan 28 2015 17:53:54 GMT+0200 (IST)] INFO [CAT] Initial CAT process: 20796
[Wed Jan 28 2015 17:53:54 GMT+0200 (IST)] DEBUG [CAT] Initial, current location: /Users/ransnir/Documents/workspace/catjstests/app/iframe/cat-project
[Wed Jan 28 2015 17:53:54 GMT+0200 (IST)] DEBUG [CAT] Initial, command line arguments: {"task":["t@clean","t@init","t@scrap","t@inject","t@server.start"],"argv":{"remain":[],"cooked":["--task","t@clean","--task","t@init","--task","t@scrap","--task","t@inject","--task","t@server.start"],"original":["-cbs"]},"home":{"path":"/Users/ransnir/Documents/workspace/catjs","working":{"path":"/Users/ransnir/Documents/workspace/catjstests/app/iframe/cat-project"}}}
[Wed Jan 28 2015 17:53:54 GMT+0200 (IST)] INFO watch: false kill: -1 process: 20796
[Wed Jan 28 2015 17:53:54 GMT+0200 (IST)] WARNING [CAT Config] Missing 'dependencies' configuration section
[Wed Jan 28 2015 17:53:54 GMT+0200 (IST)] DEBUG "[cat config] Project's resource '/Users/ransnir/Documents/workspace/catjstests/app/iframe/cat-project/src/' already exists"
[Wed Jan 28 2015 17:53:54 GMT+0200 (IST)] DEBUG "[cat config] Project's resource '/Users/ransnir/Documents/workspace/catjstests/app/iframe/cat-project/target/' already exists"
[Wed Jan 28 2015 17:53:54 GMT+0200 (IST)] WARNING "[utils resolver] the object was partially resolved, check your query: scrapfilter"
[Wed Jan 28 2015 17:53:54 GMT+0200 (IST)] WARNING "[cat config] No valid configuration, missing 'scrapfilter' entry"
[Wed Jan 28 2015 17:53:54 GMT+0200 (IST)] WARNING "[utils resolver] the object was partially resolved, check your query: dependencies"
[Wed Jan 28 2015 17:53:54 GMT+0200 (IST)] WARNING "[cat config] No valid configuration, missing 'dependencies' entry"
[Wed Jan 28 2015 17:53:54 GMT+0200 (IST)] INFO [base extension] Initialized
[Wed Jan 28 2015 17:53:54 GMT+0200 (IST)] INFO [CAT] running target: clean
[Wed Jan 28 2015 17:53:54 GMT+0200 (IST)] DEBUG [Action] Instantiating action: clean
[Wed Jan 28 2015 17:53:54 GMT+0200 (IST)] INFO [base extension] Initialized
[Wed Jan 28 2015 17:53:54 GMT+0200 (IST)] INFO [CAT] running target: copy
[Wed Jan 28 2015 17:53:54 GMT+0200 (IST)] DEBUG [Action] Instantiating action: copy
[Wed Jan 28 2015 17:53:54 GMT+0200 (IST)] INFO [CAT] running target: libraries
[Wed Jan 28 2015 17:53:54 GMT+0200 (IST)] DEBUG [Action] Instantiating action: libraries
[Wed Jan 28 2015 17:53:55 GMT+0200 (IST)] INFO [CAT] running target: copy
[Wed Jan 28 2015 17:53:55 GMT+0200 (IST)] DEBUG [Action] Instantiating action: copy
[Wed Jan 28 2015 17:53:55 GMT+0200 (IST)] INFO [CAT] running target: fileparse
[Wed Jan 28 2015 17:53:55 GMT+0200 (IST)] DEBUG [Action] Instantiating action: fileparse
[Wed Jan 28 2015 17:53:55 GMT+0200 (IST)] INFO [CAT] running target: copy
[Wed Jan 28 2015 17:53:55 GMT+0200 (IST)] DEBUG [Action] Instantiating action: copy
[Wed Jan 28 2015 17:53:55 GMT+0200 (IST)] INFO [CAT] running target: scrap-common
[Wed Jan 28 2015 17:53:55 GMT+0200 (IST)] DEBUG [Action] Instantiating action: scrap-common
[Wed Jan 28 2015 17:53:55 GMT+0200 (IST)] INFO [CAT] running target: scrap-jasmine
[Wed Jan 28 2015 17:53:55 GMT+0200 (IST)] DEBUG [Action] Instantiating action: scrap-jasmine
[Wed Jan 28 2015 17:53:55 GMT+0200 (IST)] INFO [CAT] running target: scrap-sencha
[Wed Jan 28 2015 17:53:55 GMT+0200 (IST)] DEBUG [Action] Instantiating action: scrap-sencha
[Wed Jan 28 2015 17:53:55 GMT+0200 (IST)] INFO [CAT] running target: scrap-jqm
[Wed Jan 28 2015 17:53:55 GMT+0200 (IST)] DEBUG [Action] Instantiating action: scrap-jqm
[Wed Jan 28 2015 17:53:55 GMT+0200 (IST)] INFO [CAT] running target: scrap-vnc
[Wed Jan 28 2015 17:53:55 GMT+0200 (IST)] DEBUG [Action] Instantiating action: scrap-vnc
[Wed Jan 28 2015 17:53:55 GMT+0200 (IST)] INFO [CAT] running target: scrap-enyo
[Wed Jan 28 2015 17:53:55 GMT+0200 (IST)] DEBUG [Action] Instantiating action: scrap-enyo
[Wed Jan 28 2015 17:53:55 GMT+0200 (IST)] INFO [CAT] running target: scrap-screenshot
[Wed Jan 28 2015 17:53:55 GMT+0200 (IST)] DEBUG [Action] Instantiating action: scrap-screenshot
[Wed Jan 28 2015 17:53:55 GMT+0200 (IST)] INFO [CAT] running target: scrap-deviceinfo
[Wed Jan 28 2015 17:53:55 GMT+0200 (IST)] DEBUG [Action] Instantiating action: scrap-deviceinfo
[Wed Jan 28 2015 17:53:55 GMT+0200 (IST)] INFO [base extension] Initialized
[Wed Jan 28 2015 17:53:55 GMT+0200 (IST)] INFO [CAT] running target: scrap
[Wed Jan 28 2015 17:53:55 GMT+0200 (IST)] DEBUG [Action] Instantiating action: scrap
[Wed Jan 28 2015 17:53:55 GMT+0200 (IST)] INFO [CAT] running target: custom-plugin
[Wed Jan 28 2015 17:53:55 GMT+0200 (IST)] DEBUG [Action] Instantiating action: custom-plugin
[Wed Jan 28 2015 17:53:55 GMT+0200 (IST)] INFO [base extension] Initialized
[Wed Jan 28 2015 17:53:55 GMT+0200 (IST)] INFO [CAT] running target: inject
[Wed Jan 28 2015 17:53:55 GMT+0200 (IST)] DEBUG [Action] Instantiating action: inject
[Wed Jan 28 2015 17:53:55 GMT+0200 (IST)] DEBUG "[cat mdata] CAT metadata file loaded successfully "
[Wed Jan 28 2015 17:53:55 GMT+0200 (IST)] DEBUG "[inject ext] Source file '/Users/ransnir/Documents/workspace/catjstests/app/iframe/cat-project/cache/iframe/page2/iframe2.html' created"
[Wed Jan 28 2015 17:53:55 GMT+0200 (IST)] DEBUG "[inject ext] Source file '/Users/ransnir/Documents/workspace/catjstests/app/iframe/cat-project/cache/iframe/page2/iframe2.html' created"
[Wed Jan 28 2015 17:53:55 GMT+0200 (IST)] DEBUG "[inject ext] CAT metadata file saved successfully "
[Wed Jan 28 2015 17:53:55 GMT+0200 (IST)] DEBUG "[inject ext] Source file '/Users/ransnir/Documents/workspace/catjstests/app/iframe/cat-project/cache/iframe/page3/iframe3.html' created"
[Wed Jan 28 2015 17:53:55 GMT+0200 (IST)] DEBUG "[inject ext] Source file '/Users/ransnir/Documents/workspace/catjstests/app/iframe/cat-project/cache/iframe/page3/iframe3.html' created"
[Wed Jan 28 2015 17:53:55 GMT+0200 (IST)] DEBUG "[inject ext] CAT metadata file saved successfully "
[Wed Jan 28 2015 17:53:55 GMT+0200 (IST)] DEBUG "[inject ext] Source file '/Users/ransnir/Documents/workspace/catjstests/app/iframe/cat-project/cache/iframe/page1/iframe1.html' created"
[Wed Jan 28 2015 17:53:55 GMT+0200 (IST)] DEBUG "[inject ext] Source file '/Users/ransnir/Documents/workspace/catjstests/app/iframe/cat-project/cache/iframe/page1/iframe1.html' created"
[Wed Jan 28 2015 17:53:55 GMT+0200 (IST)] DEBUG "[inject ext] CAT metadata file saved successfully "
[Wed Jan 28 2015 17:53:55 GMT+0200 (IST)] DEBUG "[inject ext] Source file '/Users/ransnir/Documents/workspace/catjstests/app/iframe/cat-project/cache/iframe/index.html' created"
[Wed Jan 28 2015 17:53:55 GMT+0200 (IST)] DEBUG "[inject ext] Source file '/Users/ransnir/Documents/workspace/catjstests/app/iframe/cat-project/cache/iframe/index.html' created"
[Wed Jan 28 2015 17:53:55 GMT+0200 (IST)] DEBUG "[inject ext] CAT metadata file saved successfully "
[Wed Jan 28 2015 17:53:55 GMT+0200 (IST)] INFO [CAT] running target: minify
[Wed Jan 28 2015 17:53:55 GMT+0200 (IST)] DEBUG [Action] Instantiating action: minify
[Wed Jan 28 2015 17:53:55 GMT+0200 (IST)] INFO [base extension] Initialized
[Wed Jan 28 2015 17:53:55 GMT+0200 (IST)] INFO [CAT] running target: webserver
[Wed Jan 28 2015 17:53:55 GMT+0200 (IST)] DEBUG [Action] Instantiating action: webserver
[Wed Jan 28 2015 17:53:55 GMT+0200 (IST)] INFO [catjs server] Server Started, listening to port:8089
[Wed Jan 28 2015 17:54:21 GMT+0200 (IST)] INFO 

[CAT] Initial LOG -----------------------------------------------------------------------
[Wed Jan 28 2015 17:54:21 GMT+0200 (IST)] INFO [CAT] Initial CAT process: 20803
[Wed Jan 28 2015 17:54:21 GMT+0200 (IST)] DEBUG [CAT] Initial, current location: /Users/ransnir/Documents/workspace/catjstests/app/iframe/cat-project
[Wed Jan 28 2015 17:54:21 GMT+0200 (IST)] DEBUG [CAT] Initial, command line arguments: {"task":["t@server.start"],"argv":{"remain":[],"cooked":["--task","t@server.start"],"original":["-s"]},"home":{"path":"/Users/ransnir/Documents/workspace/catjs","working":{"path":"/Users/ransnir/Documents/workspace/catjstests/app/iframe/cat-project"}}}
[Wed Jan 28 2015 17:54:21 GMT+0200 (IST)] INFO watch: false kill: -1 process: 20803
[Wed Jan 28 2015 17:54:21 GMT+0200 (IST)] WARNING [CAT Config] Missing 'dependencies' configuration section
[Wed Jan 28 2015 17:54:21 GMT+0200 (IST)] DEBUG "[cat config] Project's resource '/Users/ransnir/Documents/workspace/catjstests/app/iframe/cat-project/src/' already exists"
[Wed Jan 28 2015 17:54:21 GMT+0200 (IST)] DEBUG "[cat config] Project's resource '/Users/ransnir/Documents/workspace/catjstests/app/iframe/cat-project/target/' already exists"
[Wed Jan 28 2015 17:54:21 GMT+0200 (IST)] WARNING "[utils resolver] the object was partially resolved, check your query: scrapfilter"
[Wed Jan 28 2015 17:54:21 GMT+0200 (IST)] WARNING "[cat config] No valid configuration, missing 'scrapfilter' entry"
[Wed Jan 28 2015 17:54:21 GMT+0200 (IST)] WARNING "[utils resolver] the object was partially resolved, check your query: dependencies"
[Wed Jan 28 2015 17:54:21 GMT+0200 (IST)] WARNING "[cat config] No valid configuration, missing 'dependencies' entry"
[Wed Jan 28 2015 17:54:21 GMT+0200 (IST)] INFO [base extension] Initialized
[Wed Jan 28 2015 17:54:21 GMT+0200 (IST)] INFO [CAT] running target: webserver
[Wed Jan 28 2015 17:54:21 GMT+0200 (IST)] DEBUG [Action] Instantiating action: webserver
[Wed Jan 28 2015 17:54:21 GMT+0200 (IST)] INFO [catjs server] Server Started, listening to port:8089
[Wed Jan 28 2015 17:54:26 GMT+0200 (IST)] INFO requesting StartStartStart
[Wed Jan 28 2015 17:54:26 GMT+0200 (IST)] INFO [3eef83e7-e892-ff05-3221-d657f12ce3df]   Chrome 40.0.2214.91 OS X ======== Test Start  ========
[Wed Jan 28 2015 17:54:26 GMT+0200 (IST)] INFO requesting StartStartStart
[Wed Jan 28 2015 17:54:26 GMT+0200 (IST)] INFO [3eef83e7-e892-ff05-3221-d657f12ce3df]   Chrome 40.0.2214.91 OS X ======== Test End - Aborted ========
[Wed Jan 28 2015 17:54:26 GMT+0200 (IST)] INFO [3eef83e7-e892-ff05-3221-d657f12ce3df]   Chrome 40.0.2214.91 OS X ======== Test Start  ========
[Wed Jan 28 2015 17:54:26 GMT+0200 (IST)] INFO requesting StartStartStart
[Wed Jan 28 2015 17:54:26 GMT+0200 (IST)] INFO [3eef83e7-e892-ff05-3221-d657f12ce3df]   Chrome 40.0.2214.91 OS X ======== Test End - Aborted ========
[Wed Jan 28 2015 17:54:26 GMT+0200 (IST)] INFO [3eef83e7-e892-ff05-3221-d657f12ce3df]   Chrome 40.0.2214.91 OS X ======== Test Start  ========
[Wed Jan 28 2015 17:54:27 GMT+0200 (IST)] INFO requesting StartStartStart
[Wed Jan 28 2015 17:54:27 GMT+0200 (IST)] INFO [3eef83e7-e892-ff05-3221-d657f12ce3df]   Chrome 40.0.2214.91 OS X ======== Test End - Aborted ========
[Wed Jan 28 2015 17:54:27 GMT+0200 (IST)] INFO [3eef83e7-e892-ff05-3221-d657f12ce3df]   Chrome 40.0.2214.91 OS X ======== Test Start  ========
[Wed Jan 28 2015 17:54:27 GMT+0200 (IST)] INFO requesting iframe2Test Passedsuccess
[Wed Jan 28 2015 17:54:27 GMT+0200 (IST)] INFO [3eef83e7-e892-ff05-3221-d657f12ce3df]   Chrome 40.0.2214.91 OS X ✓Test iframe2 Test Passed
[Wed Jan 28 2015 17:54:27 GMT+0200 (IST)] INFO requesting main1Test Passedsuccess
[Wed Jan 28 2015 17:54:27 GMT+0200 (IST)] INFO [3eef83e7-e892-ff05-3221-d657f12ce3df]   Chrome 40.0.2214.91 OS X ✓Test main1 Test Passed
[Wed Jan 28 2015 17:54:27 GMT+0200 (IST)] INFO requesting iframe5Test Passedsuccess
[Wed Jan 28 2015 17:54:27 GMT+0200 (IST)] INFO [3eef83e7-e892-ff05-3221-d657f12ce3df]   Chrome 40.0.2214.91 OS X ✓Test iframe5 Test Passed
[Wed Jan 28 2015 17:54:27 GMT+0200 (IST)] INFO requesting iframe8Test Passedsuccess
[Wed Jan 28 2015 17:54:27 GMT+0200 (IST)] INFO [3eef83e7-e892-ff05-3221-d657f12ce3df]   Chrome 40.0.2214.91 OS X ✓Test iframe8 Test Passed
[Wed Jan 28 2015 17:54:27 GMT+0200 (IST)] INFO requesting EndEndEnd
[Wed Jan 28 2015 17:54:27 GMT+0200 (IST)] INFO [3eef83e7-e892-ff05-3221-d657f12ce3df]   Chrome 40.0.2214.91 OS X ======== Test End - succeeded ========
[Wed Jan 28 2015 17:54:28 GMT+0200 (IST)] INFO requesting main3Test Passedsuccess
[Wed Jan 28 2015 17:54:28 GMT+0200 (IST)] INFO [3eef83e7-e892-ff05-3221-d657f12ce3df]   Chrome 40.0.2214.91 OS X ✓Test main3 Test Passed
[Wed Jan 28 2015 17:54:46 GMT+0200 (IST)] INFO [CAT] Tests stopped reporting, probably a network problem, failing the rest of the tests
[Wed Jan 28 2015 17:54:46 GMT+0200 (IST)] INFO [CAT] Tests stopped reporting, probably a network problem, failing the rest of the tests
[Wed Jan 28 2015 17:54:46 GMT+0200 (IST)] INFO [CAT] Tests stopped reporting, probably a network problem, failing the rest of the tests
[Wed Jan 28 2015 17:54:47 GMT+0200 (IST)] INFO [CAT] Tests stopped reporting, probably a network problem, failing the rest of the tests
[Wed Jan 28 2015 17:54:47 GMT+0200 (IST)] INFO [CAT] Tests stopped reporting, probably a network problem, failing the rest of the tests
[Wed Jan 28 2015 17:54:47 GMT+0200 (IST)] INFO [CAT] Tests stopped reporting, probably a network problem, failing the rest of the tests
[Wed Jan 28 2015 17:54:47 GMT+0200 (IST)] INFO [CAT] Tests stopped reporting, probably a network problem, failing the rest of the tests
[Wed Jan 28 2015 17:54:47 GMT+0200 (IST)] INFO [CAT] Tests stopped reporting, probably a network problem, failing the rest of the tests
[Wed Jan 28 2015 17:54:48 GMT+0200 (IST)] INFO [CAT] Tests stopped reporting, probably a network problem, failing the rest of the tests
[Wed Jan 28 2015 17:54:49 GMT+0200 (IST)] INFO requesting StartStartStart
[Wed Jan 28 2015 17:54:49 GMT+0200 (IST)] INFO [3eef83e7-e892-ff05-3221-d657f12ce3df]   Chrome 40.0.2214.91 OS X ======== Test Start  ========
[Wed Jan 28 2015 17:54:49 GMT+0200 (IST)] INFO requesting StartStartStart
[Wed Jan 28 2015 17:54:49 GMT+0200 (IST)] INFO [3eef83e7-e892-ff05-3221-d657f12ce3df]   Chrome 40.0.2214.91 OS X ======== Test End - Aborted ========
[Wed Jan 28 2015 17:54:49 GMT+0200 (IST)] INFO [3eef83e7-e892-ff05-3221-d657f12ce3df]   Chrome 40.0.2214.91 OS X ======== Test Start  ========
[Wed Jan 28 2015 17:54:49 GMT+0200 (IST)] INFO requesting StartStartStart
[Wed Jan 28 2015 17:54:49 GMT+0200 (IST)] INFO [3eef83e7-e892-ff05-3221-d657f12ce3df]   Chrome 40.0.2214.91 OS X ======== Test End - Aborted ========
[Wed Jan 28 2015 17:54:49 GMT+0200 (IST)] INFO [3eef83e7-e892-ff05-3221-d657f12ce3df]   Chrome 40.0.2214.91 OS X ======== Test Start  ========
[Wed Jan 28 2015 17:54:49 GMT+0200 (IST)] INFO requesting StartStartStart
[Wed Jan 28 2015 17:54:49 GMT+0200 (IST)] INFO [3eef83e7-e892-ff05-3221-d657f12ce3df]   Chrome 40.0.2214.91 OS X ======== Test End - Aborted ========
[Wed Jan 28 2015 17:54:49 GMT+0200 (IST)] INFO [3eef83e7-e892-ff05-3221-d657f12ce3df]   Chrome 40.0.2214.91 OS X ======== Test Start  ========
[Wed Jan 28 2015 17:54:49 GMT+0200 (IST)] INFO requesting iframe2Test Passedsuccess
[Wed Jan 28 2015 17:54:49 GMT+0200 (IST)] INFO [3eef83e7-e892-ff05-3221-d657f12ce3df]   Chrome 40.0.2214.91 OS X ✓Test iframe2 Test Passed
[Wed Jan 28 2015 17:54:49 GMT+0200 (IST)] INFO requesting iframe5Test Passedsuccess
[Wed Jan 28 2015 17:54:49 GMT+0200 (IST)] INFO [3eef83e7-e892-ff05-3221-d657f12ce3df]   Chrome 40.0.2214.91 OS X ✓Test iframe5 Test Passed
[Wed Jan 28 2015 17:54:49 GMT+0200 (IST)] INFO requesting iframe8Test Passedsuccess
[Wed Jan 28 2015 17:54:49 GMT+0200 (IST)] INFO [3eef83e7-e892-ff05-3221-d657f12ce3df]   Chrome 40.0.2214.91 OS X ✓Test iframe8 Test Passed
[Wed Jan 28 2015 17:54:49 GMT+0200 (IST)] INFO requesting EndEndEnd
[Wed Jan 28 2015 17:54:49 GMT+0200 (IST)] INFO [3eef83e7-e892-ff05-3221-d657f12ce3df]   Chrome 40.0.2214.91 OS X ======== Test End - succeeded ========
[Wed Jan 28 2015 17:54:49 GMT+0200 (IST)] INFO requesting main1Test Passedsuccess
[Wed Jan 28 2015 17:54:49 GMT+0200 (IST)] INFO [3eef83e7-e892-ff05-3221-d657f12ce3df]   Chrome 40.0.2214.91 OS X ✓Test main1 Test Passed
[Wed Jan 28 2015 17:54:50 GMT+0200 (IST)] INFO requesting main3Test Passedsuccess
[Wed Jan 28 2015 17:54:50 GMT+0200 (IST)] INFO [3eef83e7-e892-ff05-3221-d657f12ce3df]   Chrome 40.0.2214.91 OS X ✓Test main3 Test Passed
[Wed Jan 28 2015 17:55:04 GMT+0200 (IST)] INFO requesting StartStartStart
[Wed Jan 28 2015 17:55:04 GMT+0200 (IST)] INFO [3eef83e7-e892-ff05-3221-d657f12ce3df]   Chrome 40.0.2214.91 OS X ======== Test Start  ========
[Wed Jan 28 2015 17:55:04 GMT+0200 (IST)] INFO requesting StartStartStart
[Wed Jan 28 2015 17:55:04 GMT+0200 (IST)] INFO [3eef83e7-e892-ff05-3221-d657f12ce3df]   Chrome 40.0.2214.91 OS X ======== Test End - Aborted ========
[Wed Jan 28 2015 17:55:04 GMT+0200 (IST)] INFO [3eef83e7-e892-ff05-3221-d657f12ce3df]   Chrome 40.0.2214.91 OS X ======== Test Start  ========
[Wed Jan 28 2015 17:55:04 GMT+0200 (IST)] INFO requesting StartStartStart
[Wed Jan 28 2015 17:55:04 GMT+0200 (IST)] INFO [3eef83e7-e892-ff05-3221-d657f12ce3df]   Chrome 40.0.2214.91 OS X ======== Test End - Aborted ========
[Wed Jan 28 2015 17:55:04 GMT+0200 (IST)] INFO [3eef83e7-e892-ff05-3221-d657f12ce3df]   Chrome 40.0.2214.91 OS X ======== Test Start  ========
[Wed Jan 28 2015 17:55:04 GMT+0200 (IST)] INFO requesting StartStartStart
[Wed Jan 28 2015 17:55:04 GMT+0200 (IST)] INFO [3eef83e7-e892-ff05-3221-d657f12ce3df]   Chrome 40.0.2214.91 OS X ======== Test End - Aborted ========
[Wed Jan 28 2015 17:55:04 GMT+0200 (IST)] INFO [3eef83e7-e892-ff05-3221-d657f12ce3df]   Chrome 40.0.2214.91 OS X ======== Test Start  ========
[Wed Jan 28 2015 17:55:04 GMT+0200 (IST)] INFO requesting iframe2Test Passedsuccess
[Wed Jan 28 2015 17:55:04 GMT+0200 (IST)] INFO [3eef83e7-e892-ff05-3221-d657f12ce3df]   Chrome 40.0.2214.91 OS X ✓Test iframe2 Test Passed
[Wed Jan 28 2015 17:55:05 GMT+0200 (IST)] INFO requesting iframe5Test Passedsuccess
[Wed Jan 28 2015 17:55:05 GMT+0200 (IST)] INFO [3eef83e7-e892-ff05-3221-d657f12ce3df]   Chrome 40.0.2214.91 OS X ✓Test iframe5 Test Passed
[Wed Jan 28 2015 17:55:05 GMT+0200 (IST)] INFO requesting main1Test Passedsuccess
[Wed Jan 28 2015 17:55:05 GMT+0200 (IST)] INFO [3eef83e7-e892-ff05-3221-d657f12ce3df]   Chrome 40.0.2214.91 OS X ✓Test main1 Test Passed
[Wed Jan 28 2015 17:55:05 GMT+0200 (IST)] INFO requesting iframe8Test Passedsuccess
[Wed Jan 28 2015 17:55:05 GMT+0200 (IST)] INFO [3eef83e7-e892-ff05-3221-d657f12ce3df]   Chrome 40.0.2214.91 OS X ✓Test iframe8 Test Passed
[Wed Jan 28 2015 17:55:05 GMT+0200 (IST)] INFO requesting EndEndEnd
[Wed Jan 28 2015 17:55:05 GMT+0200 (IST)] INFO [3eef83e7-e892-ff05-3221-d657f12ce3df]   Chrome 40.0.2214.91 OS X ======== Test End - succeeded ========
[Wed Jan 28 2015 17:55:05 GMT+0200 (IST)] INFO requesting main3Test Passedsuccess
[Wed Jan 28 2015 17:55:05 GMT+0200 (IST)] INFO [3eef83e7-e892-ff05-3221-d657f12ce3df]   Chrome 40.0.2214.91 OS X ✓Test main3 Test Passed
[Wed Jan 28 2015 17:55:09 GMT+0200 (IST)] INFO [CAT] Tests stopped reporting, probably a network problem, failing the rest of the tests
[Wed Jan 28 2015 17:55:09 GMT+0200 (IST)] INFO [CAT] Tests stopped reporting, probably a network problem, failing the rest of the tests
[Wed Jan 28 2015 17:55:09 GMT+0200 (IST)] INFO [CAT] Tests stopped reporting, probably a network problem, failing the rest of the tests
[Wed Jan 28 2015 17:55:09 GMT+0200 (IST)] INFO [CAT] Tests stopped reporting, probably a network problem, failing the rest of the tests
[Wed Jan 28 2015 17:55:09 GMT+0200 (IST)] INFO [CAT] Tests stopped reporting, probably a network problem, failing the rest of the tests
[Wed Jan 28 2015 17:55:09 GMT+0200 (IST)] INFO [CAT] Tests stopped reporting, probably a network problem, failing the rest of the tests
[Wed Jan 28 2015 17:55:09 GMT+0200 (IST)] INFO [CAT] Tests stopped reporting, probably a network problem, failing the rest of the tests
[Wed Jan 28 2015 17:55:09 GMT+0200 (IST)] INFO [CAT] Tests stopped reporting, probably a network problem, failing the rest of the tests
[Wed Jan 28 2015 17:55:10 GMT+0200 (IST)] INFO [CAT] Tests stopped reporting, probably a network problem, failing the rest of the tests
[Wed Jan 28 2015 17:55:11 GMT+0200 (IST)] INFO requesting StartStartStart
[Wed Jan 28 2015 17:55:11 GMT+0200 (IST)] INFO [3eef83e7-e892-ff05-3221-d657f12ce3df]   Chrome 40.0.2214.91 OS X ======== Test Start  ========
[Wed Jan 28 2015 17:55:12 GMT+0200 (IST)] INFO requesting StartStartStart
[Wed Jan 28 2015 17:55:12 GMT+0200 (IST)] INFO [3eef83e7-e892-ff05-3221-d657f12ce3df]   Chrome 40.0.2214.91 OS X ======== Test End - Aborted ========
[Wed Jan 28 2015 17:55:12 GMT+0200 (IST)] INFO [3eef83e7-e892-ff05-3221-d657f12ce3df]   Chrome 40.0.2214.91 OS X ======== Test Start  ========
[Wed Jan 28 2015 17:55:12 GMT+0200 (IST)] INFO requesting StartStartStart
[Wed Jan 28 2015 17:55:12 GMT+0200 (IST)] INFO [3eef83e7-e892-ff05-3221-d657f12ce3df]   Chrome 40.0.2214.91 OS X ======== Test End - Aborted ========
[Wed Jan 28 2015 17:55:12 GMT+0200 (IST)] INFO [3eef83e7-e892-ff05-3221-d657f12ce3df]   Chrome 40.0.2214.91 OS X ======== Test Start  ========
[Wed Jan 28 2015 17:55:12 GMT+0200 (IST)] INFO requesting StartStartStart
[Wed Jan 28 2015 17:55:12 GMT+0200 (IST)] INFO [3eef83e7-e892-ff05-3221-d657f12ce3df]   Chrome 40.0.2214.91 OS X ======== Test End - Aborted ========
[Wed Jan 28 2015 17:55:12 GMT+0200 (IST)] INFO [3eef83e7-e892-ff05-3221-d657f12ce3df]   Chrome 40.0.2214.91 OS X ======== Test Start  ========
[Wed Jan 28 2015 17:55:12 GMT+0200 (IST)] INFO requesting iframe2Test Passedsuccess
[Wed Jan 28 2015 17:55:12 GMT+0200 (IST)] INFO [3eef83e7-e892-ff05-3221-d657f12ce3df]   Chrome 40.0.2214.91 OS X ✓Test iframe2 Test Passed
[Wed Jan 28 2015 17:55:12 GMT+0200 (IST)] INFO requesting iframe5Test Passedsuccess
[Wed Jan 28 2015 17:55:12 GMT+0200 (IST)] INFO [3eef83e7-e892-ff05-3221-d657f12ce3df]   Chrome 40.0.2214.91 OS X ✓Test iframe5 Test Passed
[Wed Jan 28 2015 17:55:12 GMT+0200 (IST)] INFO requesting iframe8Test Passedsuccess
[Wed Jan 28 2015 17:55:12 GMT+0200 (IST)] INFO [3eef83e7-e892-ff05-3221-d657f12ce3df]   Chrome 40.0.2214.91 OS X ✓Test iframe8 Test Passed
[Wed Jan 28 2015 17:55:12 GMT+0200 (IST)] INFO requesting EndEndEnd
[Wed Jan 28 2015 17:55:12 GMT+0200 (IST)] INFO [3eef83e7-e892-ff05-3221-d657f12ce3df]   Chrome 40.0.2214.91 OS X ======== Test End - succeeded ========
[Wed Jan 28 2015 17:55:12 GMT+0200 (IST)] INFO requesting main1Test Passedsuccess
[Wed Jan 28 2015 17:55:12 GMT+0200 (IST)] INFO [3eef83e7-e892-ff05-3221-d657f12ce3df]   Chrome 40.0.2214.91 OS X ✓Test main1 Test Passed
[Wed Jan 28 2015 17:55:13 GMT+0200 (IST)] INFO requesting main3Test Passedsuccess
[Wed Jan 28 2015 17:55:13 GMT+0200 (IST)] INFO [3eef83e7-e892-ff05-3221-d657f12ce3df]   Chrome 40.0.2214.91 OS X ✓Test main3 Test Passed
[Wed Jan 28 2015 17:55:15 GMT+0200 (IST)] INFO requesting StartStartStart
[Wed Jan 28 2015 17:55:15 GMT+0200 (IST)] INFO [3eef83e7-e892-ff05-3221-d657f12ce3df]   Chrome 40.0.2214.91 OS X ======== Test Start  ========
[Wed Jan 28 2015 17:55:15 GMT+0200 (IST)] INFO requesting StartStartStart
[Wed Jan 28 2015 17:55:15 GMT+0200 (IST)] INFO [3eef83e7-e892-ff05-3221-d657f12ce3df]   Chrome 40.0.2214.91 OS X ======== Test End - Aborted ========
[Wed Jan 28 2015 17:55:15 GMT+0200 (IST)] INFO [3eef83e7-e892-ff05-3221-d657f12ce3df]   Chrome 40.0.2214.91 OS X ======== Test Start  ========
[Wed Jan 28 2015 17:55:15 GMT+0200 (IST)] INFO requesting StartStartStart
[Wed Jan 28 2015 17:55:15 GMT+0200 (IST)] INFO [3eef83e7-e892-ff05-3221-d657f12ce3df]   Chrome 40.0.2214.91 OS X ======== Test End - Aborted ========
[Wed Jan 28 2015 17:55:15 GMT+0200 (IST)] INFO [3eef83e7-e892-ff05-3221-d657f12ce3df]   Chrome 40.0.2214.91 OS X ======== Test Start  ========
[Wed Jan 28 2015 17:55:15 GMT+0200 (IST)] INFO requesting StartStartStart
[Wed Jan 28 2015 17:55:15 GMT+0200 (IST)] INFO [3eef83e7-e892-ff05-3221-d657f12ce3df]   Chrome 40.0.2214.91 OS X ======== Test End - Aborted ========
[Wed Jan 28 2015 17:55:15 GMT+0200 (IST)] INFO [3eef83e7-e892-ff05-3221-d657f12ce3df]   Chrome 40.0.2214.91 OS X ======== Test Start  ========
[Wed Jan 28 2015 17:55:16 GMT+0200 (IST)] INFO requesting iframe2Test Passedsuccess
[Wed Jan 28 2015 17:55:16 GMT+0200 (IST)] INFO [3eef83e7-e892-ff05-3221-d657f12ce3df]   Chrome 40.0.2214.91 OS X ✓Test iframe2 Test Passed
[Wed Jan 28 2015 17:55:16 GMT+0200 (IST)] INFO requesting iframe5Test Passedsuccess
[Wed Jan 28 2015 17:55:16 GMT+0200 (IST)] INFO [3eef83e7-e892-ff05-3221-d657f12ce3df]   Chrome 40.0.2214.91 OS X ✓Test iframe5 Test Passed
[Wed Jan 28 2015 17:55:16 GMT+0200 (IST)] INFO requesting iframe8Test Passedsuccess
[Wed Jan 28 2015 17:55:16 GMT+0200 (IST)] INFO [3eef83e7-e892-ff05-3221-d657f12ce3df]   Chrome 40.0.2214.91 OS X ✓Test iframe8 Test Passed
[Wed Jan 28 2015 17:55:16 GMT+0200 (IST)] INFO requesting EndEndEnd
[Wed Jan 28 2015 17:55:16 GMT+0200 (IST)] INFO [3eef83e7-e892-ff05-3221-d657f12ce3df]   Chrome 40.0.2214.91 OS X ======== Test End - succeeded ========
[Wed Jan 28 2015 17:55:16 GMT+0200 (IST)] INFO requesting main1Test Passedsuccess
[Wed Jan 28 2015 17:55:16 GMT+0200 (IST)] INFO [3eef83e7-e892-ff05-3221-d657f12ce3df]   Chrome 40.0.2214.91 OS X ✓Test main1 Test Passed
[Wed Jan 28 2015 17:55:16 GMT+0200 (IST)] INFO requesting main3Test Passedsuccess
[Wed Jan 28 2015 17:55:16 GMT+0200 (IST)] INFO [3eef83e7-e892-ff05-3221-d657f12ce3df]   Chrome 40.0.2214.91 OS X ✓Test main3 Test Passed
[Wed Jan 28 2015 17:55:24 GMT+0200 (IST)] INFO [CAT] Tests stopped reporting, probably a network problem, failing the rest of the tests
[Wed Jan 28 2015 17:55:24 GMT+0200 (IST)] INFO [CAT] Tests stopped reporting, probably a network problem, failing the rest of the tests
[Wed Jan 28 2015 17:55:24 GMT+0200 (IST)] INFO [CAT] Tests stopped reporting, probably a network problem, failing the rest of the tests
[Wed Jan 28 2015 17:55:24 GMT+0200 (IST)] INFO [CAT] Tests stopped reporting, probably a network problem, failing the rest of the tests
[Wed Jan 28 2015 17:55:24 GMT+0200 (IST)] INFO [CAT] Tests stopped reporting, probably a network problem, failing the rest of the tests
[Wed Jan 28 2015 17:55:25 GMT+0200 (IST)] INFO [CAT] Tests stopped reporting, probably a network problem, failing the rest of the tests
[Wed Jan 28 2015 17:55:25 GMT+0200 (IST)] INFO [CAT] Tests stopped reporting, probably a network problem, failing the rest of the tests
[Wed Jan 28 2015 17:55:25 GMT+0200 (IST)] INFO [CAT] Tests stopped reporting, probably a network problem, failing the rest of the tests
[Wed Jan 28 2015 17:55:25 GMT+0200 (IST)] INFO [CAT] Tests stopped reporting, probably a network problem, failing the rest of the tests
[Wed Jan 28 2015 17:55:31 GMT+0200 (IST)] INFO [CAT] Tests stopped reporting, probably a network problem, failing the rest of the tests
[Wed Jan 28 2015 17:55:32 GMT+0200 (IST)] INFO [CAT] Tests stopped reporting, probably a network problem, failing the rest of the tests
[Wed Jan 28 2015 17:55:32 GMT+0200 (IST)] INFO [CAT] Tests stopped reporting, probably a network problem, failing the rest of the tests
[Wed Jan 28 2015 17:55:32 GMT+0200 (IST)] INFO [CAT] Tests stopped reporting, probably a network problem, failing the rest of the tests
[Wed Jan 28 2015 17:55:32 GMT+0200 (IST)] INFO [CAT] Tests stopped reporting, probably a network problem, failing the rest of the tests
[Wed Jan 28 2015 17:55:32 GMT+0200 (IST)] INFO [CAT] Tests stopped reporting, probably a network problem, failing the rest of the tests
[Wed Jan 28 2015 17:55:32 GMT+0200 (IST)] INFO [CAT] Tests stopped reporting, probably a network problem, failing the rest of the tests
[Wed Jan 28 2015 17:55:32 GMT+0200 (IST)] INFO [CAT] Tests stopped reporting, probably a network problem, failing the rest of the tests
[Wed Jan 28 2015 17:55:33 GMT+0200 (IST)] INFO [CAT] Tests stopped reporting, probably a network problem, failing the rest of the tests
[Wed Jan 28 2015 17:55:35 GMT+0200 (IST)] INFO [CAT] Tests stopped reporting, probably a network problem, failing the rest of the tests
[Wed Jan 28 2015 17:55:35 GMT+0200 (IST)] INFO [CAT] Tests stopped reporting, probably a network problem, failing the rest of the tests
[Wed Jan 28 2015 17:55:35 GMT+0200 (IST)] INFO [CAT] Tests stopped reporting, probably a network problem, failing the rest of the tests
[Wed Jan 28 2015 17:55:35 GMT+0200 (IST)] INFO [CAT] Tests stopped reporting, probably a network problem, failing the rest of the tests
[Wed Jan 28 2015 17:55:36 GMT+0200 (IST)] INFO [CAT] Tests stopped reporting, probably a network problem, failing the rest of the tests
[Wed Jan 28 2015 17:55:36 GMT+0200 (IST)] INFO [CAT] Tests stopped reporting, probably a network problem, failing the rest of the tests
[Wed Jan 28 2015 17:55:36 GMT+0200 (IST)] INFO [CAT] Tests stopped reporting, probably a network problem, failing the rest of the tests
[Wed Jan 28 2015 17:55:36 GMT+0200 (IST)] INFO [CAT] Tests stopped reporting, probably a network problem, failing the rest of the tests
[Wed Jan 28 2015 17:55:36 GMT+0200 (IST)] INFO [CAT] Tests stopped reporting, probably a network problem, failing the rest of the tests
[Wed Jan 28 2015 17:56:53 GMT+0200 (IST)] INFO requesting StartStartStart
[Wed Jan 28 2015 17:56:53 GMT+0200 (IST)] INFO [3eef83e7-e892-ff05-3221-d657f12ce3df]   Chrome 40.0.2214.91 OS X ======== Test Start  ========
[Wed Jan 28 2015 17:56:53 GMT+0200 (IST)] INFO requesting StartStartStart
[Wed Jan 28 2015 17:56:53 GMT+0200 (IST)] INFO [3eef83e7-e892-ff05-3221-d657f12ce3df]   Chrome 40.0.2214.91 OS X ======== Test End - Aborted ========
[Wed Jan 28 2015 17:56:53 GMT+0200 (IST)] INFO [3eef83e7-e892-ff05-3221-d657f12ce3df]   Chrome 40.0.2214.91 OS X ======== Test Start  ========
[Wed Jan 28 2015 17:56:54 GMT+0200 (IST)] INFO requesting StartStartStart
[Wed Jan 28 2015 17:56:54 GMT+0200 (IST)] INFO [3eef83e7-e892-ff05-3221-d657f12ce3df]   Chrome 40.0.2214.91 OS X ======== Test End - Aborted ========
[Wed Jan 28 2015 17:56:54 GMT+0200 (IST)] INFO [3eef83e7-e892-ff05-3221-d657f12ce3df]   Chrome 40.0.2214.91 OS X ======== Test Start  ========
[Wed Jan 28 2015 17:56:54 GMT+0200 (IST)] INFO requesting StartStartStart
[Wed Jan 28 2015 17:56:54 GMT+0200 (IST)] INFO [3eef83e7-e892-ff05-3221-d657f12ce3df]   Chrome 40.0.2214.91 OS X ======== Test End - Aborted ========
[Wed Jan 28 2015 17:56:54 GMT+0200 (IST)] INFO [3eef83e7-e892-ff05-3221-d657f12ce3df]   Chrome 40.0.2214.91 OS X ======== Test Start  ========
[Wed Jan 28 2015 17:56:54 GMT+0200 (IST)] INFO requesting iframe2Test Passedsuccess
[Wed Jan 28 2015 17:56:54 GMT+0200 (IST)] INFO [3eef83e7-e892-ff05-3221-d657f12ce3df]   Chrome 40.0.2214.91 OS X ✓Test iframe2 Test Passed
[Wed Jan 28 2015 17:56:54 GMT+0200 (IST)] INFO requesting iframe8Test Passedsuccess
[Wed Jan 28 2015 17:56:54 GMT+0200 (IST)] INFO [3eef83e7-e892-ff05-3221-d657f12ce3df]   Chrome 40.0.2214.91 OS X ✓Test iframe8 Test Passed
[Wed Jan 28 2015 17:56:54 GMT+0200 (IST)] INFO requesting EndEndEnd
[Wed Jan 28 2015 17:56:54 GMT+0200 (IST)] INFO [3eef83e7-e892-ff05-3221-d657f12ce3df]   Chrome 40.0.2214.91 OS X ======== Test End - succeeded ========
[Wed Jan 28 2015 17:56:54 GMT+0200 (IST)] INFO requesting main1Test Passedsuccess
[Wed Jan 28 2015 17:56:54 GMT+0200 (IST)] INFO [3eef83e7-e892-ff05-3221-d657f12ce3df]   Chrome 40.0.2214.91 OS X ✓Test main1 Test Passed
[Wed Jan 28 2015 17:56:54 GMT+0200 (IST)] INFO requesting iframe5Test Passedsuccess
[Wed Jan 28 2015 17:56:54 GMT+0200 (IST)] INFO [3eef83e7-e892-ff05-3221-d657f12ce3df]   Chrome 40.0.2214.91 OS X ✓Test iframe5 Test Passed
[Wed Jan 28 2015 17:56:55 GMT+0200 (IST)] INFO requesting main3Test Passedsuccess
[Wed Jan 28 2015 17:56:55 GMT+0200 (IST)] INFO [3eef83e7-e892-ff05-3221-d657f12ce3df]   Chrome 40.0.2214.91 OS X ✓Test main3 Test Passed
[Wed Jan 28 2015 17:57:13 GMT+0200 (IST)] INFO [CAT] Tests stopped reporting, probably a network problem, failing the rest of the tests
[Wed Jan 28 2015 17:57:13 GMT+0200 (IST)] INFO [CAT] Tests stopped reporting, probably a network problem, failing the rest of the tests
[Wed Jan 28 2015 17:57:14 GMT+0200 (IST)] INFO [CAT] Tests stopped reporting, probably a network problem, failing the rest of the tests
[Wed Jan 28 2015 17:57:14 GMT+0200 (IST)] INFO [CAT] Tests stopped reporting, probably a network problem, failing the rest of the tests
[Wed Jan 28 2015 17:57:14 GMT+0200 (IST)] INFO [CAT] Tests stopped reporting, probably a network problem, failing the rest of the tests
[Wed Jan 28 2015 17:57:14 GMT+0200 (IST)] INFO [CAT] Tests stopped reporting, probably a network problem, failing the rest of the tests
[Wed Jan 28 2015 17:57:14 GMT+0200 (IST)] INFO [CAT] Tests stopped reporting, probably a network problem, failing the rest of the tests
[Wed Jan 28 2015 17:57:14 GMT+0200 (IST)] INFO [CAT] Tests stopped reporting, probably a network problem, failing the rest of the tests
[Wed Jan 28 2015 17:57:15 GMT+0200 (IST)] INFO [CAT] Tests stopped reporting, probably a network problem, failing the rest of the tests
[Wed Jan 28 2015 17:57:59 GMT+0200 (IST)] INFO 

[CAT] Initial LOG -----------------------------------------------------------------------
[Wed Jan 28 2015 17:57:59 GMT+0200 (IST)] INFO [CAT] Initial CAT process: 20850
[Wed Jan 28 2015 17:58:00 GMT+0200 (IST)] DEBUG [CAT] Initial, current location: /Users/ransnir/Documents/workspace/catjstests/app/iframe/cat-project
[Wed Jan 28 2015 17:58:00 GMT+0200 (IST)] DEBUG [CAT] Initial, command line arguments: {"task":["t@server.start"],"argv":{"remain":[],"cooked":["--task","t@server.start"],"original":["-s"]},"home":{"path":"/Users/ransnir/Documents/workspace/catjs","working":{"path":"/Users/ransnir/Documents/workspace/catjstests/app/iframe/cat-project"}}}
[Wed Jan 28 2015 17:58:00 GMT+0200 (IST)] INFO watch: false kill: -1 process: 20850
[Wed Jan 28 2015 17:58:00 GMT+0200 (IST)] WARNING [CAT Config] Missing 'dependencies' configuration section
[Wed Jan 28 2015 17:58:00 GMT+0200 (IST)] DEBUG "[cat config] Project's resource '/Users/ransnir/Documents/workspace/catjstests/app/iframe/cat-project/src/' already exists"
[Wed Jan 28 2015 17:58:00 GMT+0200 (IST)] DEBUG "[cat config] Project's resource '/Users/ransnir/Documents/workspace/catjstests/app/iframe/cat-project/target/' already exists"
[Wed Jan 28 2015 17:58:00 GMT+0200 (IST)] WARNING "[utils resolver] the object was partially resolved, check your query: scrapfilter"
[Wed Jan 28 2015 17:58:00 GMT+0200 (IST)] WARNING "[cat config] No valid configuration, missing 'scrapfilter' entry"
[Wed Jan 28 2015 17:58:00 GMT+0200 (IST)] WARNING "[utils resolver] the object was partially resolved, check your query: dependencies"
[Wed Jan 28 2015 17:58:00 GMT+0200 (IST)] WARNING "[cat config] No valid configuration, missing 'dependencies' entry"
[Wed Jan 28 2015 17:58:00 GMT+0200 (IST)] INFO [base extension] Initialized
[Wed Jan 28 2015 17:58:00 GMT+0200 (IST)] INFO [CAT] running target: webserver
[Wed Jan 28 2015 17:58:00 GMT+0200 (IST)] DEBUG [Action] Instantiating action: webserver
[Wed Jan 28 2015 17:58:00 GMT+0200 (IST)] INFO [catjs server] Server Started, listening to port:8089
[Wed Jan 28 2015 17:58:02 GMT+0200 (IST)] INFO requesting StartStartStart
[Wed Jan 28 2015 17:58:02 GMT+0200 (IST)] INFO [3eef83e7-e892-ff05-3221-d657f12ce3df]   Chrome 40.0.2214.91 OS X ======== Test Start  ========
[Wed Jan 28 2015 17:58:03 GMT+0200 (IST)] INFO requesting StartStartStart
[Wed Jan 28 2015 17:58:03 GMT+0200 (IST)] INFO [3eef83e7-e892-ff05-3221-d657f12ce3df]   Chrome 40.0.2214.91 OS X ======== Test End - Aborted ========
[Wed Jan 28 2015 17:58:03 GMT+0200 (IST)] INFO [3eef83e7-e892-ff05-3221-d657f12ce3df]   Chrome 40.0.2214.91 OS X ======== Test Start  ========
[Wed Jan 28 2015 17:58:03 GMT+0200 (IST)] INFO requesting StartStartStart
[Wed Jan 28 2015 17:58:03 GMT+0200 (IST)] INFO [3eef83e7-e892-ff05-3221-d657f12ce3df]   Chrome 40.0.2214.91 OS X ======== Test End - Aborted ========
[Wed Jan 28 2015 17:58:03 GMT+0200 (IST)] INFO [3eef83e7-e892-ff05-3221-d657f12ce3df]   Chrome 40.0.2214.91 OS X ======== Test Start  ========
[Wed Jan 28 2015 17:58:03 GMT+0200 (IST)] INFO requesting StartStartStart
[Wed Jan 28 2015 17:58:03 GMT+0200 (IST)] INFO [3eef83e7-e892-ff05-3221-d657f12ce3df]   Chrome 40.0.2214.91 OS X ======== Test End - Aborted ========
[Wed Jan 28 2015 17:58:03 GMT+0200 (IST)] INFO [3eef83e7-e892-ff05-3221-d657f12ce3df]   Chrome 40.0.2214.91 OS X ======== Test Start  ========
[Wed Jan 28 2015 17:58:03 GMT+0200 (IST)] INFO requesting iframe2Test Passedsuccess
[Wed Jan 28 2015 17:58:03 GMT+0200 (IST)] INFO [3eef83e7-e892-ff05-3221-d657f12ce3df]   Chrome 40.0.2214.91 OS X ✓Test iframe2 Test Passed
[Wed Jan 28 2015 17:58:03 GMT+0200 (IST)] INFO requesting iframe5Test Passedsuccess
[Wed Jan 28 2015 17:58:03 GMT+0200 (IST)] INFO [3eef83e7-e892-ff05-3221-d657f12ce3df]   Chrome 40.0.2214.91 OS X ✓Test iframe5 Test Passed
[Wed Jan 28 2015 17:58:03 GMT+0200 (IST)] INFO requesting iframe8Test Passedsuccess
[Wed Jan 28 2015 17:58:03 GMT+0200 (IST)] INFO [3eef83e7-e892-ff05-3221-d657f12ce3df]   Chrome 40.0.2214.91 OS X ✓Test iframe8 Test Passed
[Wed Jan 28 2015 17:58:03 GMT+0200 (IST)] INFO requesting EndEndEnd
[Wed Jan 28 2015 17:58:03 GMT+0200 (IST)] INFO [3eef83e7-e892-ff05-3221-d657f12ce3df]   Chrome 40.0.2214.91 OS X ======== Test End - succeeded ========
[Wed Jan 28 2015 17:58:03 GMT+0200 (IST)] INFO requesting main1Test Passedsuccess
[Wed Jan 28 2015 17:58:03 GMT+0200 (IST)] INFO [3eef83e7-e892-ff05-3221-d657f12ce3df]   Chrome 40.0.2214.91 OS X ✓Test main1 Test Passed
[Wed Jan 28 2015 17:58:08 GMT+0200 (IST)] INFO requesting main3Test Passedsuccess
[Wed Jan 28 2015 17:58:08 GMT+0200 (IST)] INFO [3eef83e7-e892-ff05-3221-d657f12ce3df]   Chrome 40.0.2214.91 OS X ✓Test main3 Test Passed
[Wed Jan 28 2015 17:58:22 GMT+0200 (IST)] INFO [CAT] Tests stopped reporting, probably a network problem, failing the rest of the tests
[Wed Jan 28 2015 17:58:23 GMT+0200 (IST)] INFO [CAT] Tests stopped reporting, probably a network problem, failing the rest of the tests
[Wed Jan 28 2015 17:58:23 GMT+0200 (IST)] INFO [CAT] Tests stopped reporting, probably a network problem, failing the rest of the tests
[Wed Jan 28 2015 17:58:23 GMT+0200 (IST)] INFO [CAT] Tests stopped reporting, probably a network problem, failing the rest of the tests
[Wed Jan 28 2015 17:58:23 GMT+0200 (IST)] INFO [CAT] Tests stopped reporting, probably a network problem, failing the rest of the tests
[Wed Jan 28 2015 17:58:23 GMT+0200 (IST)] INFO [CAT] Tests stopped reporting, probably a network problem, failing the rest of the tests
[Wed Jan 28 2015 17:58:23 GMT+0200 (IST)] INFO [CAT] Tests stopped reporting, probably a network problem, failing the rest of the tests
[Wed Jan 28 2015 17:58:23 GMT+0200 (IST)] INFO [CAT] Tests stopped reporting, probably a network problem, failing the rest of the tests
[Wed Jan 28 2015 17:58:28 GMT+0200 (IST)] INFO [CAT] Tests stopped reporting, probably a network problem, failing the rest of the tests
[Wed Jan 28 2015 17:59:24 GMT+0200 (IST)] INFO 

[CAT] Initial LOG -----------------------------------------------------------------------
[Wed Jan 28 2015 17:59:24 GMT+0200 (IST)] INFO [CAT] Initial CAT process: 20870
[Wed Jan 28 2015 17:59:24 GMT+0200 (IST)] DEBUG [CAT] Initial, current location: /Users/ransnir/Documents/workspace/catjstests/app/iframe/cat-project
[Wed Jan 28 2015 17:59:24 GMT+0200 (IST)] DEBUG [CAT] Initial, command line arguments: {"task":["t@server.start"],"argv":{"remain":[],"cooked":["--task","t@server.start"],"original":["-s"]},"home":{"path":"/Users/ransnir/Documents/workspace/catjs","working":{"path":"/Users/ransnir/Documents/workspace/catjstests/app/iframe/cat-project"}}}
[Wed Jan 28 2015 17:59:24 GMT+0200 (IST)] INFO watch: false kill: -1 process: 20870
[Wed Jan 28 2015 17:59:24 GMT+0200 (IST)] WARNING [CAT Config] Missing 'dependencies' configuration section
[Wed Jan 28 2015 17:59:24 GMT+0200 (IST)] DEBUG "[cat config] Project's resource '/Users/ransnir/Documents/workspace/catjstests/app/iframe/cat-project/src/' already exists"
[Wed Jan 28 2015 17:59:24 GMT+0200 (IST)] DEBUG "[cat config] Project's resource '/Users/ransnir/Documents/workspace/catjstests/app/iframe/cat-project/target/' already exists"
[Wed Jan 28 2015 17:59:24 GMT+0200 (IST)] WARNING "[utils resolver] the object was partially resolved, check your query: scrapfilter"
[Wed Jan 28 2015 17:59:24 GMT+0200 (IST)] WARNING "[cat config] No valid configuration, missing 'scrapfilter' entry"
[Wed Jan 28 2015 17:59:24 GMT+0200 (IST)] WARNING "[utils resolver] the object was partially resolved, check your query: dependencies"
[Wed Jan 28 2015 17:59:24 GMT+0200 (IST)] WARNING "[cat config] No valid configuration, missing 'dependencies' entry"
[Wed Jan 28 2015 17:59:24 GMT+0200 (IST)] INFO [base extension] Initialized
[Wed Jan 28 2015 17:59:24 GMT+0200 (IST)] INFO [CAT] running target: webserver
[Wed Jan 28 2015 17:59:24 GMT+0200 (IST)] DEBUG [Action] Instantiating action: webserver
[Wed Jan 28 2015 17:59:24 GMT+0200 (IST)] INFO [catjs server] Server Started, listening to port:8089
[Wed Jan 28 2015 17:59:27 GMT+0200 (IST)] INFO requesting StartStartStart
[Wed Jan 28 2015 17:59:27 GMT+0200 (IST)] INFO [3eef83e7-e892-ff05-3221-d657f12ce3df]   Chrome 40.0.2214.91 OS X ======== Test Start  ========
[Wed Jan 28 2015 17:59:28 GMT+0200 (IST)] INFO requesting StartStartStart
[Wed Jan 28 2015 17:59:28 GMT+0200 (IST)] INFO [3eef83e7-e892-ff05-3221-d657f12ce3df]   Chrome 40.0.2214.91 OS X ======== Test End - Aborted ========
[Wed Jan 28 2015 17:59:28 GMT+0200 (IST)] INFO [3eef83e7-e892-ff05-3221-d657f12ce3df]   Chrome 40.0.2214.91 OS X ======== Test Start  ========
[Wed Jan 28 2015 17:59:28 GMT+0200 (IST)] INFO requesting StartStartStart
[Wed Jan 28 2015 17:59:28 GMT+0200 (IST)] INFO [3eef83e7-e892-ff05-3221-d657f12ce3df]   Chrome 40.0.2214.91 OS X ======== Test End - Aborted ========
[Wed Jan 28 2015 17:59:28 GMT+0200 (IST)] INFO [3eef83e7-e892-ff05-3221-d657f12ce3df]   Chrome 40.0.2214.91 OS X ======== Test Start  ========
[Wed Jan 28 2015 17:59:28 GMT+0200 (IST)] INFO requesting StartStartStart
[Wed Jan 28 2015 17:59:28 GMT+0200 (IST)] INFO [3eef83e7-e892-ff05-3221-d657f12ce3df]   Chrome 40.0.2214.91 OS X ======== Test End - Aborted ========
[Wed Jan 28 2015 17:59:28 GMT+0200 (IST)] INFO [3eef83e7-e892-ff05-3221-d657f12ce3df]   Chrome 40.0.2214.91 OS X ======== Test Start  ========
[Wed Jan 28 2015 17:59:28 GMT+0200 (IST)] INFO requesting iframe2Test Passedsuccess
[Wed Jan 28 2015 17:59:28 GMT+0200 (IST)] INFO [3eef83e7-e892-ff05-3221-d657f12ce3df]   Chrome 40.0.2214.91 OS X ✓Test iframe2 Test Passed
[Wed Jan 28 2015 17:59:28 GMT+0200 (IST)] INFO requesting iframe8Test Passedsuccess
[Wed Jan 28 2015 17:59:28 GMT+0200 (IST)] INFO [3eef83e7-e892-ff05-3221-d657f12ce3df]   Chrome 40.0.2214.91 OS X ✓Test iframe8 Test Passed
[Wed Jan 28 2015 17:59:28 GMT+0200 (IST)] INFO requesting EndEndEnd
[Wed Jan 28 2015 17:59:28 GMT+0200 (IST)] INFO [3eef83e7-e892-ff05-3221-d657f12ce3df]   Chrome 40.0.2214.91 OS X ======== Test End - succeeded ========
[Wed Jan 28 2015 17:59:47 GMT+0200 (IST)] INFO [CAT] Tests stopped reporting, probably a network problem, failing the rest of the tests
[Wed Jan 28 2015 17:59:48 GMT+0200 (IST)] INFO [CAT] Tests stopped reporting, probably a network problem, failing the rest of the tests
[Wed Jan 28 2015 17:59:48 GMT+0200 (IST)] INFO [CAT] Tests stopped reporting, probably a network problem, failing the rest of the tests
[Wed Jan 28 2015 17:59:48 GMT+0200 (IST)] INFO [CAT] Tests stopped reporting, probably a network problem, failing the rest of the tests
[Wed Jan 28 2015 17:59:48 GMT+0200 (IST)] INFO [CAT] Tests stopped reporting, probably a network problem, failing the rest of the tests
[Wed Jan 28 2015 17:59:48 GMT+0200 (IST)] INFO [CAT] Tests stopped reporting, probably a network problem, failing the rest of the tests
