[Thu Jan 22 2015 18:38:45 GMT+0200 (IST)] INFO 

[CAT] Initial LOG -----------------------------------------------------------------------
[Thu Jan 22 2015 18:38:45 GMT+0200 (IST)] INFO [CAT] Initial CAT process: 29397
[Thu Jan 22 2015 18:38:45 GMT+0200 (IST)] DEBUG [CAT] Initial, current location: /home/arik/dev/projects/lastboy/catjstests/app/todomvc/jquery/cat-project
[Thu Jan 22 2015 18:38:45 GMT+0200 (IST)] DEBUG [CAT] Initial, command line arguments: {"task":["t@clean","t@init","t@scrap","t@inject","t@autotest","t@server.start"],"argv":{"remain":[],"cooked":["--task","t@clean","--task","t@init","--task","t@scrap","--task","t@inject","--task","t@autotest","--task","t@server.start"],"original":["-cbas"]},"home":{"path":"/home/arik/dev/projects/lastboy/catjs","working":{"path":"/home/arik/dev/projects/lastboy/catjstests/app/todomvc/jquery/cat-project"}}}
[Thu Jan 22 2015 18:38:45 GMT+0200 (IST)] INFO watch: false kill: -1 process: 29397
[Thu Jan 22 2015 18:38:45 GMT+0200 (IST)] WARNING [CAT Config] Missing 'dependencies' configuration section
[Thu Jan 22 2015 18:38:45 GMT+0200 (IST)] DEBUG "[cat config] Project's resource '/home/arik/dev/projects/lastboy/catjstests/app/todomvc/jquery/cat-project/src/' already exists"
[Thu Jan 22 2015 18:38:45 GMT+0200 (IST)] DEBUG "[cat config] Project's resource '/home/arik/dev/projects/lastboy/catjstests/app/todomvc/jquery/cat-project/target/' already exists"
[Thu Jan 22 2015 18:38:46 GMT+0200 (IST)] WARNING "[utils resolver] the object was partially resolved, check your query: scrapfilter"
[Thu Jan 22 2015 18:38:46 GMT+0200 (IST)] WARNING "[cat config] No valid configuration, missing 'scrapfilter' entry"
[Thu Jan 22 2015 18:38:46 GMT+0200 (IST)] WARNING "[utils resolver] the object was partially resolved, check your query: dependencies"
[Thu Jan 22 2015 18:38:46 GMT+0200 (IST)] WARNING "[cat config] No valid configuration, missing 'dependencies' entry"
[Thu Jan 22 2015 18:38:46 GMT+0200 (IST)] INFO [base extension] Initialized
[Thu Jan 22 2015 18:38:46 GMT+0200 (IST)] INFO [CAT] running target: clean
[Thu Jan 22 2015 18:38:46 GMT+0200 (IST)] DEBUG [Action] Instantiating action: clean
[Thu Jan 22 2015 18:38:46 GMT+0200 (IST)] INFO [base extension] Initialized
[Thu Jan 22 2015 18:38:46 GMT+0200 (IST)] INFO [CAT] running target: copy
[Thu Jan 22 2015 18:38:46 GMT+0200 (IST)] DEBUG [Action] Instantiating action: copy
[Thu Jan 22 2015 18:38:46 GMT+0200 (IST)] INFO [CAT] running target: libraries
[Thu Jan 22 2015 18:38:46 GMT+0200 (IST)] DEBUG [Action] Instantiating action: libraries
[Thu Jan 22 2015 18:38:46 GMT+0200 (IST)] INFO [CAT] running target: copy
[Thu Jan 22 2015 18:38:46 GMT+0200 (IST)] DEBUG [Action] Instantiating action: copy
[Thu Jan 22 2015 18:38:46 GMT+0200 (IST)] INFO [CAT] running target: fileparse
[Thu Jan 22 2015 18:38:46 GMT+0200 (IST)] DEBUG [Action] Instantiating action: fileparse
[Thu Jan 22 2015 18:38:46 GMT+0200 (IST)] INFO [CAT] running target: copy
[Thu Jan 22 2015 18:38:46 GMT+0200 (IST)] DEBUG [Action] Instantiating action: copy
[Thu Jan 22 2015 18:38:46 GMT+0200 (IST)] INFO [CAT] running target: scrap-common
[Thu Jan 22 2015 18:38:46 GMT+0200 (IST)] DEBUG [Action] Instantiating action: scrap-common
[Thu Jan 22 2015 18:38:46 GMT+0200 (IST)] INFO [CAT] running target: scrap-jasmine
[Thu Jan 22 2015 18:38:46 GMT+0200 (IST)] DEBUG [Action] Instantiating action: scrap-jasmine
[Thu Jan 22 2015 18:38:46 GMT+0200 (IST)] INFO [CAT] running target: scrap-sencha
[Thu Jan 22 2015 18:38:46 GMT+0200 (IST)] DEBUG [Action] Instantiating action: scrap-sencha
[Thu Jan 22 2015 18:38:46 GMT+0200 (IST)] INFO [CAT] running target: scrap-jquery
[Thu Jan 22 2015 18:38:46 GMT+0200 (IST)] DEBUG [Action] Instantiating action: scrap-jquery
[Thu Jan 22 2015 18:38:46 GMT+0200 (IST)] INFO [CAT] running target: scrap-jqm
[Thu Jan 22 2015 18:38:46 GMT+0200 (IST)] DEBUG [Action] Instantiating action: scrap-jqm
[Thu Jan 22 2015 18:38:46 GMT+0200 (IST)] INFO [CAT] running target: scrap-vnc
[Thu Jan 22 2015 18:38:46 GMT+0200 (IST)] DEBUG [Action] Instantiating action: scrap-vnc
[Thu Jan 22 2015 18:38:46 GMT+0200 (IST)] INFO [CAT] running target: scrap-enyo
[Thu Jan 22 2015 18:38:46 GMT+0200 (IST)] DEBUG [Action] Instantiating action: scrap-enyo
[Thu Jan 22 2015 18:38:46 GMT+0200 (IST)] INFO [CAT] running target: scrap-screenshot
[Thu Jan 22 2015 18:38:46 GMT+0200 (IST)] DEBUG [Action] Instantiating action: scrap-screenshot
[Thu Jan 22 2015 18:38:46 GMT+0200 (IST)] INFO [CAT] running target: scrap-deviceinfo
[Thu Jan 22 2015 18:38:46 GMT+0200 (IST)] DEBUG [Action] Instantiating action: scrap-deviceinfo
[Thu Jan 22 2015 18:38:46 GMT+0200 (IST)] INFO [base extension] Initialized
[Thu Jan 22 2015 18:38:46 GMT+0200 (IST)] INFO [CAT] running target: scrap
[Thu Jan 22 2015 18:38:46 GMT+0200 (IST)] DEBUG [Action] Instantiating action: scrap
[Thu Jan 22 2015 18:38:46 GMT+0200 (IST)] INFO [CAT] running target: custom-plugin
[Thu Jan 22 2015 18:38:46 GMT+0200 (IST)] DEBUG [Action] Instantiating action: custom-plugin
[Thu Jan 22 2015 18:38:46 GMT+0200 (IST)] INFO [base extension] Initialized
[Thu Jan 22 2015 18:38:46 GMT+0200 (IST)] INFO [CAT] running target: inject
[Thu Jan 22 2015 18:38:46 GMT+0200 (IST)] DEBUG [Action] Instantiating action: inject
[Thu Jan 22 2015 18:38:46 GMT+0200 (IST)] DEBUG "[cat mdata] CAT metadata file loaded successfully "
[Thu Jan 22 2015 18:38:46 GMT+0200 (IST)] DEBUG "[inject ext] CAT metadata file saved successfully "
[Thu Jan 22 2015 18:38:46 GMT+0200 (IST)] DEBUG "[inject ext] Source file '/home/arik/dev/projects/lastboy/catjstests/app/todomvc/jquery/cat-project/cache/todomvc-jquery-test/js/app.js' created"
[Thu Jan 22 2015 18:38:46 GMT+0200 (IST)] DEBUG "[inject ext] Source file '/home/arik/dev/projects/lastboy/catjstests/app/todomvc/jquery/cat-project/cache/todomvc-jquery-test/js/app.js' created"
[Thu Jan 22 2015 18:38:46 GMT+0200 (IST)] DEBUG "[inject ext] CAT metadata file saved successfully "
[Thu Jan 22 2015 18:38:47 GMT+0200 (IST)] INFO [CAT] running target: minify
[Thu Jan 22 2015 18:38:47 GMT+0200 (IST)] DEBUG [Action] Instantiating action: minify
[Thu Jan 22 2015 18:38:47 GMT+0200 (IST)] INFO [CAT] running target: autotest
[Thu Jan 22 2015 18:38:47 GMT+0200 (IST)] DEBUG [Action] Instantiating action: autotest
[Thu Jan 22 2015 18:38:47 GMT+0200 (IST)] INFO [CAT] running target: copy
[Thu Jan 22 2015 18:38:47 GMT+0200 (IST)] DEBUG [Action] Instantiating action: copy
[Thu Jan 22 2015 18:38:47 GMT+0200 (IST)] INFO [base extension] Initialized
[Thu Jan 22 2015 18:38:47 GMT+0200 (IST)] INFO [CAT] running target: webserver
[Thu Jan 22 2015 18:38:47 GMT+0200 (IST)] DEBUG [Action] Instantiating action: webserver
[Thu Jan 22 2015 18:38:47 GMT+0200 (IST)] INFO [catjs server] Server Started, listening to port:8080
[Thu Jan 22 2015 18:38:49 GMT+0200 (IST)] INFO requesting StartStartStart
[Thu Jan 22 2015 18:38:49 GMT+0200 (IST)] INFO [36ef34b9-586a-f4dd-2b63-29c9a04212a8]   Chrome 38.0.2125.122 Linux ======== Test Start  ========
[Thu Jan 22 2015 18:38:49 GMT+0200 (IST)] INFO requesting scrap_3e11ac63-fe9a-b66f-7a84-6c209699c3e9Test Passedsuccess
[Thu Jan 22 2015 18:38:49 GMT+0200 (IST)] INFO [36ef34b9-586a-f4dd-2b63-29c9a04212a8]   Chrome 38.0.2125.122 Linux ✓Test scrap_3e11ac63-fe9a-b66f-7a84-6c209699c3e9 Test Passed
[Thu Jan 22 2015 18:38:49 GMT+0200 (IST)] INFO requesting scrap_26c59072-671a-2375-a5dd-d77d783d7c62Test Passedsuccess
[Thu Jan 22 2015 18:38:49 GMT+0200 (IST)] INFO [36ef34b9-586a-f4dd-2b63-29c9a04212a8]   Chrome 38.0.2125.122 Linux ✓Test scrap_26c59072-671a-2375-a5dd-d77d783d7c62 Test Passed
[Thu Jan 22 2015 18:38:49 GMT+0200 (IST)] INFO requesting EndEndEnd
[Thu Jan 22 2015 18:38:49 GMT+0200 (IST)] INFO [36ef34b9-586a-f4dd-2b63-29c9a04212a8]   Chrome 38.0.2125.122 Linux ======== Test End - succeeded ========
[Thu Jan 22 2015 18:39:06 GMT+0200 (IST)] INFO 

[CAT] Initial LOG -----------------------------------------------------------------------
[Thu Jan 22 2015 18:39:06 GMT+0200 (IST)] INFO [CAT] Initial CAT process: 29427
[Thu Jan 22 2015 18:39:06 GMT+0200 (IST)] DEBUG [CAT] Initial, current location: /home/arik/dev/projects/lastboy/catjstests/app/todomvc/jquery/cat-project
[Thu Jan 22 2015 18:39:06 GMT+0200 (IST)] DEBUG [CAT] Initial, command line arguments: {"task":["t@clean","t@init","t@scrap","t@inject","t@autotest","t@server.start"],"argv":{"remain":[],"cooked":["--task","t@clean","--task","t@init","--task","t@scrap","--task","t@inject","--task","t@autotest","--task","t@server.start"],"original":["-cbas"]},"home":{"path":"/home/arik/dev/projects/lastboy/catjs","working":{"path":"/home/arik/dev/projects/lastboy/catjstests/app/todomvc/jquery/cat-project"}}}
[Thu Jan 22 2015 18:39:06 GMT+0200 (IST)] INFO watch: false kill: -1 process: 29427
[Thu Jan 22 2015 18:39:06 GMT+0200 (IST)] WARNING [CAT Config] Missing 'dependencies' configuration section
[Thu Jan 22 2015 18:39:06 GMT+0200 (IST)] DEBUG "[cat config] Project's resource '/home/arik/dev/projects/lastboy/catjstests/app/todomvc/jquery/cat-project/src/' already exists"
[Thu Jan 22 2015 18:39:06 GMT+0200 (IST)] DEBUG "[cat config] Project's resource '/home/arik/dev/projects/lastboy/catjstests/app/todomvc/jquery/cat-project/target/' already exists"
[Thu Jan 22 2015 18:39:06 GMT+0200 (IST)] WARNING "[utils resolver] the object was partially resolved, check your query: scrapfilter"
[Thu Jan 22 2015 18:39:06 GMT+0200 (IST)] WARNING "[cat config] No valid configuration, missing 'scrapfilter' entry"
[Thu Jan 22 2015 18:39:06 GMT+0200 (IST)] WARNING "[utils resolver] the object was partially resolved, check your query: dependencies"
[Thu Jan 22 2015 18:39:06 GMT+0200 (IST)] WARNING "[cat config] No valid configuration, missing 'dependencies' entry"
[Thu Jan 22 2015 18:39:06 GMT+0200 (IST)] INFO [base extension] Initialized
[Thu Jan 22 2015 18:39:06 GMT+0200 (IST)] INFO [CAT] running target: clean
[Thu Jan 22 2015 18:39:06 GMT+0200 (IST)] DEBUG [Action] Instantiating action: clean
[Thu Jan 22 2015 18:39:06 GMT+0200 (IST)] INFO [base extension] Initialized
[Thu Jan 22 2015 18:39:06 GMT+0200 (IST)] INFO [CAT] running target: copy
[Thu Jan 22 2015 18:39:06 GMT+0200 (IST)] DEBUG [Action] Instantiating action: copy
[Thu Jan 22 2015 18:39:06 GMT+0200 (IST)] INFO [CAT] running target: libraries
[Thu Jan 22 2015 18:39:06 GMT+0200 (IST)] DEBUG [Action] Instantiating action: libraries
[Thu Jan 22 2015 18:39:06 GMT+0200 (IST)] INFO [CAT] running target: copy
[Thu Jan 22 2015 18:39:06 GMT+0200 (IST)] DEBUG [Action] Instantiating action: copy
[Thu Jan 22 2015 18:39:06 GMT+0200 (IST)] INFO [CAT] running target: fileparse
[Thu Jan 22 2015 18:39:06 GMT+0200 (IST)] DEBUG [Action] Instantiating action: fileparse
[Thu Jan 22 2015 18:39:06 GMT+0200 (IST)] INFO [CAT] running target: copy
[Thu Jan 22 2015 18:39:06 GMT+0200 (IST)] DEBUG [Action] Instantiating action: copy
[Thu Jan 22 2015 18:39:06 GMT+0200 (IST)] INFO [CAT] running target: scrap-common
[Thu Jan 22 2015 18:39:06 GMT+0200 (IST)] DEBUG [Action] Instantiating action: scrap-common
[Thu Jan 22 2015 18:39:06 GMT+0200 (IST)] INFO [CAT] running target: scrap-jasmine
[Thu Jan 22 2015 18:39:06 GMT+0200 (IST)] DEBUG [Action] Instantiating action: scrap-jasmine
[Thu Jan 22 2015 18:39:06 GMT+0200 (IST)] INFO [CAT] running target: scrap-sencha
[Thu Jan 22 2015 18:39:06 GMT+0200 (IST)] DEBUG [Action] Instantiating action: scrap-sencha
[Thu Jan 22 2015 18:39:06 GMT+0200 (IST)] INFO [CAT] running target: scrap-jquery
[Thu Jan 22 2015 18:39:06 GMT+0200 (IST)] DEBUG [Action] Instantiating action: scrap-jquery
[Thu Jan 22 2015 18:39:06 GMT+0200 (IST)] INFO [CAT] running target: scrap-jqm
[Thu Jan 22 2015 18:39:06 GMT+0200 (IST)] DEBUG [Action] Instantiating action: scrap-jqm
[Thu Jan 22 2015 18:39:06 GMT+0200 (IST)] INFO [CAT] running target: scrap-vnc
[Thu Jan 22 2015 18:39:06 GMT+0200 (IST)] DEBUG [Action] Instantiating action: scrap-vnc
[Thu Jan 22 2015 18:39:06 GMT+0200 (IST)] INFO [CAT] running target: scrap-enyo
[Thu Jan 22 2015 18:39:06 GMT+0200 (IST)] DEBUG [Action] Instantiating action: scrap-enyo
[Thu Jan 22 2015 18:39:06 GMT+0200 (IST)] INFO [CAT] running target: scrap-screenshot
[Thu Jan 22 2015 18:39:06 GMT+0200 (IST)] DEBUG [Action] Instantiating action: scrap-screenshot
[Thu Jan 22 2015 18:39:07 GMT+0200 (IST)] INFO [CAT] running target: scrap-deviceinfo
[Thu Jan 22 2015 18:39:07 GMT+0200 (IST)] DEBUG [Action] Instantiating action: scrap-deviceinfo
[Thu Jan 22 2015 18:39:07 GMT+0200 (IST)] INFO [base extension] Initialized
[Thu Jan 22 2015 18:39:07 GMT+0200 (IST)] INFO [CAT] running target: scrap
[Thu Jan 22 2015 18:39:07 GMT+0200 (IST)] DEBUG [Action] Instantiating action: scrap
[Thu Jan 22 2015 18:39:07 GMT+0200 (IST)] INFO [CAT] running target: custom-plugin
[Thu Jan 22 2015 18:39:07 GMT+0200 (IST)] DEBUG [Action] Instantiating action: custom-plugin
[Thu Jan 22 2015 18:39:07 GMT+0200 (IST)] INFO [base extension] Initialized
[Thu Jan 22 2015 18:39:07 GMT+0200 (IST)] INFO [CAT] running target: inject
[Thu Jan 22 2015 18:39:07 GMT+0200 (IST)] DEBUG [Action] Instantiating action: inject
[Thu Jan 22 2015 18:39:07 GMT+0200 (IST)] DEBUG "[cat mdata] CAT metadata file loaded successfully "
[Thu Jan 22 2015 18:39:07 GMT+0200 (IST)] DEBUG "[inject ext] CAT metadata file saved successfully "
[Thu Jan 22 2015 18:39:07 GMT+0200 (IST)] DEBUG "[inject ext] Source file '/home/arik/dev/projects/lastboy/catjstests/app/todomvc/jquery/cat-project/cache/todomvc-jquery-test/js/app.js' created"
[Thu Jan 22 2015 18:39:07 GMT+0200 (IST)] DEBUG "[inject ext] Source file '/home/arik/dev/projects/lastboy/catjstests/app/todomvc/jquery/cat-project/cache/todomvc-jquery-test/js/app.js' created"
[Thu Jan 22 2015 18:39:07 GMT+0200 (IST)] DEBUG "[inject ext] CAT metadata file saved successfully "
[Thu Jan 22 2015 18:39:07 GMT+0200 (IST)] INFO [CAT] running target: minify
[Thu Jan 22 2015 18:39:07 GMT+0200 (IST)] DEBUG [Action] Instantiating action: minify
[Thu Jan 22 2015 18:39:07 GMT+0200 (IST)] INFO [CAT] running target: autotest
[Thu Jan 22 2015 18:39:07 GMT+0200 (IST)] DEBUG [Action] Instantiating action: autotest
[Thu Jan 22 2015 18:39:07 GMT+0200 (IST)] INFO [CAT] running target: copy
[Thu Jan 22 2015 18:39:07 GMT+0200 (IST)] DEBUG [Action] Instantiating action: copy
[Thu Jan 22 2015 18:39:07 GMT+0200 (IST)] INFO [base extension] Initialized
[Thu Jan 22 2015 18:39:07 GMT+0200 (IST)] INFO [CAT] running target: webserver
[Thu Jan 22 2015 18:39:07 GMT+0200 (IST)] DEBUG [Action] Instantiating action: webserver
[Thu Jan 22 2015 18:39:07 GMT+0200 (IST)] INFO [catjs server] Server Started, listening to port:8080
[Thu Jan 22 2015 18:39:11 GMT+0200 (IST)] INFO requesting StartStartStart
[Thu Jan 22 2015 18:39:11 GMT+0200 (IST)] INFO [36ef34b9-586a-f4dd-2b63-29c9a04212a8]   Chrome 38.0.2125.122 Linux ======== Test Start  ========
[Thu Jan 22 2015 18:39:11 GMT+0200 (IST)] INFO requesting scrap_460759c1-6e80-13d7-eb0f-f074c9807492Test Passedsuccess
[Thu Jan 22 2015 18:39:11 GMT+0200 (IST)] INFO [36ef34b9-586a-f4dd-2b63-29c9a04212a8]   Chrome 38.0.2125.122 Linux ✓Test scrap_460759c1-6e80-13d7-eb0f-f074c9807492 Test Passed
[Thu Jan 22 2015 18:39:12 GMT+0200 (IST)] INFO requesting scrap_ef11a149-dd1c-c30b-189a-8c4cff5fbed4Test Passedsuccess
[Thu Jan 22 2015 18:39:12 GMT+0200 (IST)] INFO [36ef34b9-586a-f4dd-2b63-29c9a04212a8]   Chrome 38.0.2125.122 Linux ✓Test scrap_ef11a149-dd1c-c30b-189a-8c4cff5fbed4 Test Passed
[Thu Jan 22 2015 18:39:12 GMT+0200 (IST)] INFO requesting EndEndEnd
[Thu Jan 22 2015 18:39:12 GMT+0200 (IST)] INFO [36ef34b9-586a-f4dd-2b63-29c9a04212a8]   Chrome 38.0.2125.122 Linux ======== Test End - succeeded ========
[Thu Jan 22 2015 18:39:31 GMT+0200 (IST)] INFO [CAT] Tests stopped reporting, probably a network problem, failing the rest of the tests
[Thu Jan 22 2015 18:39:31 GMT+0200 (IST)] INFO [CAT] Tests stopped reporting, probably a network problem, failing the rest of the tests
[Thu Jan 22 2015 18:39:32 GMT+0200 (IST)] INFO [CAT] Tests stopped reporting, probably a network problem, failing the rest of the tests
[Thu Jan 22 2015 18:42:27 GMT+0200 (IST)] INFO 

[CAT] Initial LOG -----------------------------------------------------------------------
[Thu Jan 22 2015 18:42:27 GMT+0200 (IST)] INFO [CAT] Initial CAT process: 29535
[Thu Jan 22 2015 18:42:28 GMT+0200 (IST)] DEBUG [CAT] Initial, current location: /home/arik/dev/projects/lastboy/catjstests/app/todomvc/jquery/cat-project
[Thu Jan 22 2015 18:42:28 GMT+0200 (IST)] DEBUG [CAT] Initial, command line arguments: {"task":["t@clean","t@init","t@scrap","t@inject","t@autotest","t@server.start"],"argv":{"remain":[],"cooked":["--task","t@clean","--task","t@init","--task","t@scrap","--task","t@inject","--task","t@autotest","--task","t@server.start"],"original":["-cbas"]},"home":{"path":"/home/arik/dev/projects/lastboy/catjs","working":{"path":"/home/arik/dev/projects/lastboy/catjstests/app/todomvc/jquery/cat-project"}}}
[Thu Jan 22 2015 18:42:28 GMT+0200 (IST)] INFO watch: false kill: -1 process: 29535
[Thu Jan 22 2015 18:42:28 GMT+0200 (IST)] WARNING [CAT Config] Missing 'dependencies' configuration section
[Thu Jan 22 2015 18:42:28 GMT+0200 (IST)] DEBUG "[cat config] Project's resource '/home/arik/dev/projects/lastboy/catjstests/app/todomvc/jquery/cat-project/src/' already exists"
[Thu Jan 22 2015 18:42:28 GMT+0200 (IST)] DEBUG "[cat config] Project's resource '/home/arik/dev/projects/lastboy/catjstests/app/todomvc/jquery/cat-project/target/' already exists"
[Thu Jan 22 2015 18:42:28 GMT+0200 (IST)] WARNING "[utils resolver] the object was partially resolved, check your query: scrapfilter"
[Thu Jan 22 2015 18:42:28 GMT+0200 (IST)] WARNING "[cat config] No valid configuration, missing 'scrapfilter' entry"
[Thu Jan 22 2015 18:42:28 GMT+0200 (IST)] WARNING "[utils resolver] the object was partially resolved, check your query: dependencies"
[Thu Jan 22 2015 18:42:28 GMT+0200 (IST)] WARNING "[cat config] No valid configuration, missing 'dependencies' entry"
[Thu Jan 22 2015 18:42:28 GMT+0200 (IST)] INFO [base extension] Initialized
[Thu Jan 22 2015 18:42:28 GMT+0200 (IST)] INFO [CAT] running target: clean
[Thu Jan 22 2015 18:42:28 GMT+0200 (IST)] DEBUG [Action] Instantiating action: clean
[Thu Jan 22 2015 18:42:28 GMT+0200 (IST)] INFO [base extension] Initialized
[Thu Jan 22 2015 18:42:28 GMT+0200 (IST)] INFO [CAT] running target: copy
[Thu Jan 22 2015 18:42:28 GMT+0200 (IST)] DEBUG [Action] Instantiating action: copy
[Thu Jan 22 2015 18:42:28 GMT+0200 (IST)] INFO [CAT] running target: libraries
[Thu Jan 22 2015 18:42:28 GMT+0200 (IST)] DEBUG [Action] Instantiating action: libraries
[Thu Jan 22 2015 18:42:28 GMT+0200 (IST)] INFO [CAT] running target: copy
[Thu Jan 22 2015 18:42:28 GMT+0200 (IST)] DEBUG [Action] Instantiating action: copy
[Thu Jan 22 2015 18:42:28 GMT+0200 (IST)] INFO [CAT] running target: fileparse
[Thu Jan 22 2015 18:42:28 GMT+0200 (IST)] DEBUG [Action] Instantiating action: fileparse
[Thu Jan 22 2015 18:42:28 GMT+0200 (IST)] INFO [CAT] running target: copy
[Thu Jan 22 2015 18:42:28 GMT+0200 (IST)] DEBUG [Action] Instantiating action: copy
[Thu Jan 22 2015 18:42:28 GMT+0200 (IST)] INFO [CAT] running target: scrap-common
[Thu Jan 22 2015 18:42:28 GMT+0200 (IST)] DEBUG [Action] Instantiating action: scrap-common
[Thu Jan 22 2015 18:42:28 GMT+0200 (IST)] INFO [CAT] running target: scrap-jasmine
[Thu Jan 22 2015 18:42:28 GMT+0200 (IST)] DEBUG [Action] Instantiating action: scrap-jasmine
[Thu Jan 22 2015 18:42:28 GMT+0200 (IST)] INFO [CAT] running target: scrap-sencha
[Thu Jan 22 2015 18:42:28 GMT+0200 (IST)] DEBUG [Action] Instantiating action: scrap-sencha
[Thu Jan 22 2015 18:42:28 GMT+0200 (IST)] INFO [CAT] running target: scrap-jquery
[Thu Jan 22 2015 18:42:28 GMT+0200 (IST)] DEBUG [Action] Instantiating action: scrap-jquery
[Thu Jan 22 2015 18:42:28 GMT+0200 (IST)] INFO [CAT] running target: scrap-jqm
[Thu Jan 22 2015 18:42:28 GMT+0200 (IST)] DEBUG [Action] Instantiating action: scrap-jqm
[Thu Jan 22 2015 18:42:28 GMT+0200 (IST)] INFO [CAT] running target: scrap-vnc
[Thu Jan 22 2015 18:42:28 GMT+0200 (IST)] DEBUG [Action] Instantiating action: scrap-vnc
[Thu Jan 22 2015 18:42:28 GMT+0200 (IST)] INFO [CAT] running target: scrap-enyo
[Thu Jan 22 2015 18:42:28 GMT+0200 (IST)] DEBUG [Action] Instantiating action: scrap-enyo
[Thu Jan 22 2015 18:42:28 GMT+0200 (IST)] INFO [CAT] running target: scrap-screenshot
[Thu Jan 22 2015 18:42:28 GMT+0200 (IST)] DEBUG [Action] Instantiating action: scrap-screenshot
[Thu Jan 22 2015 18:42:28 GMT+0200 (IST)] INFO [CAT] running target: scrap-deviceinfo
[Thu Jan 22 2015 18:42:28 GMT+0200 (IST)] DEBUG [Action] Instantiating action: scrap-deviceinfo
[Thu Jan 22 2015 18:42:28 GMT+0200 (IST)] INFO [base extension] Initialized
[Thu Jan 22 2015 18:42:28 GMT+0200 (IST)] INFO [CAT] running target: scrap
[Thu Jan 22 2015 18:42:28 GMT+0200 (IST)] DEBUG [Action] Instantiating action: scrap
[Thu Jan 22 2015 18:42:28 GMT+0200 (IST)] INFO [CAT] running target: custom-plugin
[Thu Jan 22 2015 18:42:28 GMT+0200 (IST)] DEBUG [Action] Instantiating action: custom-plugin
[Thu Jan 22 2015 18:42:28 GMT+0200 (IST)] INFO [base extension] Initialized
[Thu Jan 22 2015 18:42:28 GMT+0200 (IST)] INFO [CAT] running target: inject
[Thu Jan 22 2015 18:42:28 GMT+0200 (IST)] DEBUG [Action] Instantiating action: inject
[Thu Jan 22 2015 18:42:28 GMT+0200 (IST)] DEBUG "[cat mdata] CAT metadata file loaded successfully "
[Thu Jan 22 2015 18:42:28 GMT+0200 (IST)] DEBUG "[inject ext] CAT metadata file saved successfully "
[Thu Jan 22 2015 18:42:28 GMT+0200 (IST)] DEBUG "[inject ext] Source file '/home/arik/dev/projects/lastboy/catjstests/app/todomvc/jquery/cat-project/cache/todomvc-jquery-test/js/app.js' created"
[Thu Jan 22 2015 18:42:28 GMT+0200 (IST)] DEBUG "[inject ext] Source file '/home/arik/dev/projects/lastboy/catjstests/app/todomvc/jquery/cat-project/cache/todomvc-jquery-test/js/app.js' created"
[Thu Jan 22 2015 18:42:28 GMT+0200 (IST)] DEBUG "[inject ext] CAT metadata file saved successfully "
[Thu Jan 22 2015 18:42:28 GMT+0200 (IST)] INFO [CAT] running target: minify
[Thu Jan 22 2015 18:42:28 GMT+0200 (IST)] DEBUG [Action] Instantiating action: minify
[Thu Jan 22 2015 18:42:29 GMT+0200 (IST)] INFO [CAT] running target: autotest
[Thu Jan 22 2015 18:42:29 GMT+0200 (IST)] DEBUG [Action] Instantiating action: autotest
[Thu Jan 22 2015 18:42:29 GMT+0200 (IST)] INFO [CAT] running target: copy
[Thu Jan 22 2015 18:42:29 GMT+0200 (IST)] DEBUG [Action] Instantiating action: copy
[Thu Jan 22 2015 18:42:29 GMT+0200 (IST)] INFO [base extension] Initialized
[Thu Jan 22 2015 18:42:29 GMT+0200 (IST)] INFO [CAT] running target: webserver
[Thu Jan 22 2015 18:42:29 GMT+0200 (IST)] DEBUG [Action] Instantiating action: webserver
[Thu Jan 22 2015 18:42:29 GMT+0200 (IST)] INFO [catjs server] Server Started, listening to port:8080
[Thu Jan 22 2015 18:42:31 GMT+0200 (IST)] INFO requesting StartStartStart
[Thu Jan 22 2015 18:42:31 GMT+0200 (IST)] INFO [36ef34b9-586a-f4dd-2b63-29c9a04212a8]   Chrome 38.0.2125.122 Linux ======== Test Start  ========
[Thu Jan 22 2015 18:42:31 GMT+0200 (IST)] INFO requesting scrap_8a8000d0-a885-e468-ea6c-3af0978a2fe2Test Passedsuccess
[Thu Jan 22 2015 18:42:31 GMT+0200 (IST)] INFO [36ef34b9-586a-f4dd-2b63-29c9a04212a8]   Chrome 38.0.2125.122 Linux ✓Test scrap_8a8000d0-a885-e468-ea6c-3af0978a2fe2 Test Passed
[Thu Jan 22 2015 18:42:32 GMT+0200 (IST)] INFO requesting scrap_5c4ace7b-366f-a8cf-71b2-2bfd0d9684b8[CAT] Test failed, exception: AssertionError: expected [ Array(3) ] to be below [object Object],[object Object]failure
[Thu Jan 22 2015 18:42:32 GMT+0200 (IST)] INFO [36ef34b9-586a-f4dd-2b63-29c9a04212a8]   Chrome 38.0.2125.122 Linux ✖Test scrap_5c4ace7b-366f-a8cf-71b2-2bfd0d9684b8 [CAT] Test failed, exception: AssertionError: expected [ Array(3) ] to be below [object Object],[object Object]
[Thu Jan 22 2015 18:42:32 GMT+0200 (IST)] INFO requesting EndEndEnd
[Thu Jan 22 2015 18:42:32 GMT+0200 (IST)] INFO [36ef34b9-586a-f4dd-2b63-29c9a04212a8]   Chrome 38.0.2125.122 Linux ======== Test End - failed ========
[Thu Jan 22 2015 18:42:44 GMT+0200 (IST)] INFO 

[CAT] Initial LOG -----------------------------------------------------------------------
[Thu Jan 22 2015 18:42:44 GMT+0200 (IST)] INFO [CAT] Initial CAT process: 29559
[Thu Jan 22 2015 18:42:44 GMT+0200 (IST)] DEBUG [CAT] Initial, current location: /home/arik/dev/projects/lastboy/catjstests/app/todomvc/jquery/cat-project
[Thu Jan 22 2015 18:42:44 GMT+0200 (IST)] DEBUG [CAT] Initial, command line arguments: {"task":["t@clean","t@init","t@scrap","t@inject","t@autotest","t@server.start"],"argv":{"remain":[],"cooked":["--task","t@clean","--task","t@init","--task","t@scrap","--task","t@inject","--task","t@autotest","--task","t@server.start"],"original":["-cbas"]},"home":{"path":"/home/arik/dev/projects/lastboy/catjs","working":{"path":"/home/arik/dev/projects/lastboy/catjstests/app/todomvc/jquery/cat-project"}}}
[Thu Jan 22 2015 18:42:44 GMT+0200 (IST)] INFO watch: false kill: -1 process: 29559
[Thu Jan 22 2015 18:42:44 GMT+0200 (IST)] WARNING [CAT Config] Missing 'dependencies' configuration section
[Thu Jan 22 2015 18:42:44 GMT+0200 (IST)] DEBUG "[cat config] Project's resource '/home/arik/dev/projects/lastboy/catjstests/app/todomvc/jquery/cat-project/src/' already exists"
[Thu Jan 22 2015 18:42:44 GMT+0200 (IST)] DEBUG "[cat config] Project's resource '/home/arik/dev/projects/lastboy/catjstests/app/todomvc/jquery/cat-project/target/' already exists"
[Thu Jan 22 2015 18:42:44 GMT+0200 (IST)] WARNING "[utils resolver] the object was partially resolved, check your query: scrapfilter"
[Thu Jan 22 2015 18:42:44 GMT+0200 (IST)] WARNING "[cat config] No valid configuration, missing 'scrapfilter' entry"
[Thu Jan 22 2015 18:42:44 GMT+0200 (IST)] WARNING "[utils resolver] the object was partially resolved, check your query: dependencies"
[Thu Jan 22 2015 18:42:44 GMT+0200 (IST)] WARNING "[cat config] No valid configuration, missing 'dependencies' entry"
[Thu Jan 22 2015 18:42:44 GMT+0200 (IST)] INFO [base extension] Initialized
[Thu Jan 22 2015 18:42:44 GMT+0200 (IST)] INFO [CAT] running target: clean
[Thu Jan 22 2015 18:42:44 GMT+0200 (IST)] DEBUG [Action] Instantiating action: clean
[Thu Jan 22 2015 18:42:45 GMT+0200 (IST)] INFO [base extension] Initialized
[Thu Jan 22 2015 18:42:45 GMT+0200 (IST)] INFO [CAT] running target: copy
[Thu Jan 22 2015 18:42:45 GMT+0200 (IST)] DEBUG [Action] Instantiating action: copy
[Thu Jan 22 2015 18:42:45 GMT+0200 (IST)] INFO [CAT] running target: libraries
[Thu Jan 22 2015 18:42:45 GMT+0200 (IST)] DEBUG [Action] Instantiating action: libraries
[Thu Jan 22 2015 18:42:45 GMT+0200 (IST)] INFO [CAT] running target: copy
[Thu Jan 22 2015 18:42:45 GMT+0200 (IST)] DEBUG [Action] Instantiating action: copy
[Thu Jan 22 2015 18:42:45 GMT+0200 (IST)] INFO [CAT] running target: fileparse
[Thu Jan 22 2015 18:42:45 GMT+0200 (IST)] DEBUG [Action] Instantiating action: fileparse
[Thu Jan 22 2015 18:42:45 GMT+0200 (IST)] INFO [CAT] running target: copy
[Thu Jan 22 2015 18:42:45 GMT+0200 (IST)] DEBUG [Action] Instantiating action: copy
[Thu Jan 22 2015 18:42:45 GMT+0200 (IST)] INFO [CAT] running target: scrap-common
[Thu Jan 22 2015 18:42:45 GMT+0200 (IST)] DEBUG [Action] Instantiating action: scrap-common
[Thu Jan 22 2015 18:42:45 GMT+0200 (IST)] INFO [CAT] running target: scrap-jasmine
[Thu Jan 22 2015 18:42:45 GMT+0200 (IST)] DEBUG [Action] Instantiating action: scrap-jasmine
[Thu Jan 22 2015 18:42:45 GMT+0200 (IST)] INFO [CAT] running target: scrap-sencha
[Thu Jan 22 2015 18:42:45 GMT+0200 (IST)] DEBUG [Action] Instantiating action: scrap-sencha
[Thu Jan 22 2015 18:42:45 GMT+0200 (IST)] INFO [CAT] running target: scrap-jquery
[Thu Jan 22 2015 18:42:45 GMT+0200 (IST)] DEBUG [Action] Instantiating action: scrap-jquery
[Thu Jan 22 2015 18:42:45 GMT+0200 (IST)] INFO [CAT] running target: scrap-jqm
[Thu Jan 22 2015 18:42:45 GMT+0200 (IST)] DEBUG [Action] Instantiating action: scrap-jqm
[Thu Jan 22 2015 18:42:45 GMT+0200 (IST)] INFO [CAT] running target: scrap-vnc
[Thu Jan 22 2015 18:42:45 GMT+0200 (IST)] DEBUG [Action] Instantiating action: scrap-vnc
[Thu Jan 22 2015 18:42:45 GMT+0200 (IST)] INFO [CAT] running target: scrap-enyo
[Thu Jan 22 2015 18:42:45 GMT+0200 (IST)] DEBUG [Action] Instantiating action: scrap-enyo
[Thu Jan 22 2015 18:42:45 GMT+0200 (IST)] INFO [CAT] running target: scrap-screenshot
[Thu Jan 22 2015 18:42:45 GMT+0200 (IST)] DEBUG [Action] Instantiating action: scrap-screenshot
[Thu Jan 22 2015 18:42:45 GMT+0200 (IST)] INFO [CAT] running target: scrap-deviceinfo
[Thu Jan 22 2015 18:42:45 GMT+0200 (IST)] DEBUG [Action] Instantiating action: scrap-deviceinfo
[Thu Jan 22 2015 18:42:45 GMT+0200 (IST)] INFO [base extension] Initialized
[Thu Jan 22 2015 18:42:45 GMT+0200 (IST)] INFO [CAT] running target: scrap
[Thu Jan 22 2015 18:42:45 GMT+0200 (IST)] DEBUG [Action] Instantiating action: scrap
[Thu Jan 22 2015 18:42:45 GMT+0200 (IST)] INFO [CAT] running target: custom-plugin
[Thu Jan 22 2015 18:42:45 GMT+0200 (IST)] DEBUG [Action] Instantiating action: custom-plugin
[Thu Jan 22 2015 18:42:45 GMT+0200 (IST)] INFO [base extension] Initialized
[Thu Jan 22 2015 18:42:45 GMT+0200 (IST)] INFO [CAT] running target: inject
[Thu Jan 22 2015 18:42:45 GMT+0200 (IST)] DEBUG [Action] Instantiating action: inject
[Thu Jan 22 2015 18:42:45 GMT+0200 (IST)] DEBUG "[cat mdata] CAT metadata file loaded successfully "
[Thu Jan 22 2015 18:42:45 GMT+0200 (IST)] DEBUG "[inject ext] CAT metadata file saved successfully "
[Thu Jan 22 2015 18:42:45 GMT+0200 (IST)] DEBUG "[inject ext] Source file '/home/arik/dev/projects/lastboy/catjstests/app/todomvc/jquery/cat-project/cache/todomvc-jquery-test/js/app.js' created"
[Thu Jan 22 2015 18:42:45 GMT+0200 (IST)] DEBUG "[inject ext] Source file '/home/arik/dev/projects/lastboy/catjstests/app/todomvc/jquery/cat-project/cache/todomvc-jquery-test/js/app.js' created"
[Thu Jan 22 2015 18:42:45 GMT+0200 (IST)] DEBUG "[inject ext] CAT metadata file saved successfully "
[Thu Jan 22 2015 18:42:45 GMT+0200 (IST)] INFO [CAT] running target: minify
[Thu Jan 22 2015 18:42:45 GMT+0200 (IST)] DEBUG [Action] Instantiating action: minify
[Thu Jan 22 2015 18:42:46 GMT+0200 (IST)] INFO [CAT] running target: autotest
[Thu Jan 22 2015 18:42:46 GMT+0200 (IST)] DEBUG [Action] Instantiating action: autotest
[Thu Jan 22 2015 18:42:46 GMT+0200 (IST)] INFO [CAT] running target: copy
[Thu Jan 22 2015 18:42:46 GMT+0200 (IST)] DEBUG [Action] Instantiating action: copy
[Thu Jan 22 2015 18:42:46 GMT+0200 (IST)] INFO [base extension] Initialized
[Thu Jan 22 2015 18:42:46 GMT+0200 (IST)] INFO [CAT] running target: webserver
[Thu Jan 22 2015 18:42:46 GMT+0200 (IST)] DEBUG [Action] Instantiating action: webserver
[Thu Jan 22 2015 18:42:46 GMT+0200 (IST)] INFO [catjs server] Server Started, listening to port:8080
[Thu Jan 22 2015 18:42:50 GMT+0200 (IST)] INFO requesting StartStartStart
[Thu Jan 22 2015 18:42:50 GMT+0200 (IST)] INFO [36ef34b9-586a-f4dd-2b63-29c9a04212a8]   Chrome 38.0.2125.122 Linux ======== Test Start  ========
[Thu Jan 22 2015 18:42:50 GMT+0200 (IST)] INFO requesting scrap_7b8c9f75-3969-0094-fade-3faf08467a99Test Passedsuccess
[Thu Jan 22 2015 18:42:50 GMT+0200 (IST)] INFO [36ef34b9-586a-f4dd-2b63-29c9a04212a8]   Chrome 38.0.2125.122 Linux ✓Test scrap_7b8c9f75-3969-0094-fade-3faf08467a99 Test Passed
[Thu Jan 22 2015 18:42:50 GMT+0200 (IST)] INFO requesting scrap_f2d55433-b6d2-213b-3f5b-837557168116Test Passedsuccess
[Thu Jan 22 2015 18:42:50 GMT+0200 (IST)] INFO [36ef34b9-586a-f4dd-2b63-29c9a04212a8]   Chrome 38.0.2125.122 Linux ✓Test scrap_f2d55433-b6d2-213b-3f5b-837557168116 Test Passed
[Thu Jan 22 2015 18:42:50 GMT+0200 (IST)] INFO requesting EndEndEnd
[Thu Jan 22 2015 18:42:50 GMT+0200 (IST)] INFO [36ef34b9-586a-f4dd-2b63-29c9a04212a8]   Chrome 38.0.2125.122 Linux ======== Test End - succeeded ========
[Thu Jan 22 2015 18:43:10 GMT+0200 (IST)] INFO [CAT] Tests stopped reporting, probably a network problem, failing the rest of the tests
[Thu Jan 22 2015 18:43:10 GMT+0200 (IST)] INFO [CAT] Tests stopped reporting, probably a network problem, failing the rest of the tests
[Thu Jan 22 2015 18:43:10 GMT+0200 (IST)] INFO [CAT] Tests stopped reporting, probably a network problem, failing the rest of the tests
[Thu Jan 22 2015 19:01:28 GMT+0200 (IST)] INFO 

[CAT] Initial LOG -----------------------------------------------------------------------
[Thu Jan 22 2015 19:01:28 GMT+0200 (IST)] INFO [CAT] Initial CAT process: 30216
[Thu Jan 22 2015 19:01:28 GMT+0200 (IST)] DEBUG [CAT] Initial, current location: /home/arik/dev/projects/lastboy/catjstests/app/todomvc/jquery/cat-project
[Thu Jan 22 2015 19:01:28 GMT+0200 (IST)] DEBUG [CAT] Initial, command line arguments: {"task":["t@clean"],"argv":{"remain":[],"cooked":["--task","t@clean"],"original":["-c"]},"home":{"path":"/home/arik/dev/projects/lastboy/catjs","working":{"path":"/home/arik/dev/projects/lastboy/catjstests/app/todomvc/jquery/cat-project"}}}
[Thu Jan 22 2015 19:01:28 GMT+0200 (IST)] INFO watch: false kill: -1 process: 30216
[Thu Jan 22 2015 19:01:28 GMT+0200 (IST)] WARNING [CAT Config] Missing 'dependencies' configuration section
[Thu Jan 22 2015 19:01:28 GMT+0200 (IST)] DEBUG "[cat config] Project's resource '/home/arik/dev/projects/lastboy/catjstests/app/todomvc/jquery/cat-project/src/' already exists"
[Thu Jan 22 2015 19:01:28 GMT+0200 (IST)] DEBUG "[cat config] Project's resource '/home/arik/dev/projects/lastboy/catjstests/app/todomvc/jquery/cat-project/target/' already exists"
[Thu Jan 22 2015 19:01:28 GMT+0200 (IST)] WARNING "[utils resolver] the object was partially resolved, check your query: scrapfilter"
[Thu Jan 22 2015 19:01:28 GMT+0200 (IST)] WARNING "[cat config] No valid configuration, missing 'scrapfilter' entry"
[Thu Jan 22 2015 19:01:28 GMT+0200 (IST)] WARNING "[utils resolver] the object was partially resolved, check your query: dependencies"
[Thu Jan 22 2015 19:01:28 GMT+0200 (IST)] WARNING "[cat config] No valid configuration, missing 'dependencies' entry"
[Thu Jan 22 2015 19:01:28 GMT+0200 (IST)] INFO [base extension] Initialized
[Thu Jan 22 2015 19:01:28 GMT+0200 (IST)] INFO [CAT] running target: clean
[Thu Jan 22 2015 19:01:28 GMT+0200 (IST)] DEBUG [Action] Instantiating action: clean
